#! /usr/bin/vvp
:ivl_version "11.0 (stable)";
:ivl_delay_selection "TYPICAL";
:vpi_time_precision + 0;
:vpi_module "/usr/lib/x86_64-linux-gnu/ivl/system.vpi";
:vpi_module "/usr/lib/x86_64-linux-gnu/ivl/vhdl_sys.vpi";
:vpi_module "/usr/lib/x86_64-linux-gnu/ivl/vhdl_textio.vpi";
:vpi_module "/usr/lib/x86_64-linux-gnu/ivl/v2005_math.vpi";
:vpi_module "/usr/lib/x86_64-linux-gnu/ivl/va_math.vpi";
:vpi_module "/usr/lib/x86_64-linux-gnu/ivl/v2009.vpi";
S_0x558f3042ecc0 .scope package, "$unit" "$unit" 2 1;
 .timescale 0 0;
S_0x558f30427740 .scope module, "swtest" "swtest" 3 2;
 .timescale 0 0;
v0x558f30493850_0 .var "clk", 0 0;
v0x558f30493910_0 .var "i0", 9 0;
v0x558f304939d0_0 .var "i1", 9 0;
v0x558f30493a70_0 .var "i2", 9 0;
v0x558f30493b30_0 .var "i3", 9 0;
v0x558f30493bf0_0 .net "o0", 9 0, v0x558f3047fd70_0;  1 drivers
v0x558f30493cb0_0 .net "o1", 9 0, v0x558f30480660_0;  1 drivers
v0x558f30493d70_0 .net "o2", 9 0, v0x558f30481090_0;  1 drivers
v0x558f30493e30_0 .net "o3", 9 0, v0x558f304819b0_0;  1 drivers
v0x558f30493ef0_0 .var "rst", 0 0;
S_0x558f30453280 .scope module, "sw" "sw" 3 6, 4 2 0, S_0x558f30427740;
 .timescale 0 0;
    .port_info 0 /INPUT 10 "i0";
    .port_info 1 /INPUT 10 "i1";
    .port_info 2 /INPUT 10 "i2";
    .port_info 3 /INPUT 10 "i3";
    .port_info 4 /OUTPUT 10 "o0";
    .port_info 5 /OUTPUT 10 "o1";
    .port_info 6 /OUTPUT 10 "o2";
    .port_info 7 /OUTPUT 10 "o3";
    .port_info 8 /INPUT 1 "clk";
    .port_info 9 /INPUT 1 "rst";
v0x558f30490b30_0 .net "ack0", 0 0, L_0x558f30494f30;  1 drivers
v0x558f30490bf0_0 .net "ack00", 0 0, v0x558f3047b6e0_0;  1 drivers
v0x558f30490d00_0 .net "ack01", 0 0, v0x558f3047b7a0_0;  1 drivers
v0x558f30490df0_0 .net "ack02", 0 0, v0x558f3047b840_0;  1 drivers
v0x558f30490ee0_0 .net "ack03", 0 0, v0x558f3047b940_0;  1 drivers
v0x558f30491020_0 .net "ack1", 0 0, L_0x558f30495160;  1 drivers
v0x558f304910c0_0 .net "ack10", 0 0, v0x558f3047c650_0;  1 drivers
v0x558f304911b0_0 .net "ack11", 0 0, v0x558f3047c710_0;  1 drivers
v0x558f304912a0_0 .net "ack12", 0 0, v0x558f3047c7e0_0;  1 drivers
v0x558f304913d0_0 .net "ack13", 0 0, v0x558f3047c8e0_0;  1 drivers
v0x558f304914c0_0 .net "ack2", 0 0, L_0x558f30495390;  1 drivers
v0x558f30491560_0 .net "ack20", 0 0, v0x558f3047d5a0_0;  1 drivers
v0x558f30491650_0 .net "ack21", 0 0, v0x558f3047d690_0;  1 drivers
v0x558f30491740_0 .net "ack22", 0 0, v0x558f3047d760_0;  1 drivers
v0x558f30491830_0 .net "ack23", 0 0, v0x558f3047d860_0;  1 drivers
v0x558f30491920_0 .net "ack3", 0 0, L_0x558f304955c0;  1 drivers
v0x558f304919c0_0 .net "ack30", 0 0, v0x558f3047e5d0_0;  1 drivers
v0x558f30491ab0_0 .net "ack31", 0 0, v0x558f3047e690_0;  1 drivers
v0x558f30491ba0_0 .net "ack32", 0 0, v0x558f3047e730_0;  1 drivers
v0x558f30491c90_0 .net "ack33", 0 0, v0x558f3047e800_0;  1 drivers
v0x558f30491d80_0 .net "clk", 0 0, v0x558f30493850_0;  1 drivers
v0x558f30491e20_0 .net "co0", 9 0, v0x558f30483810_0;  1 drivers
v0x558f30491fd0_0 .net "co1", 9 0, v0x558f30486f80_0;  1 drivers
v0x558f30492180_0 .net "co2", 9 0, v0x558f3048a8e0_0;  1 drivers
v0x558f30492350_0 .net "co3", 9 0, v0x558f3048e1c0_0;  1 drivers
v0x558f30492520_0 .net "full0", 0 0, v0x558f30483360_0;  1 drivers
v0x558f30492610_0 .net "full1", 0 0, v0x558f30486b60_0;  1 drivers
v0x558f30492700_0 .net "full2", 0 0, v0x558f3048a430_0;  1 drivers
v0x558f304927f0_0 .net "full3", 0 0, v0x558f3048dd10_0;  1 drivers
v0x558f304928e0_0 .net "i0", 9 0, v0x558f30493910_0;  1 drivers
v0x558f304929a0_0 .net "i1", 9 0, v0x558f304939d0_0;  1 drivers
v0x558f30492a60_0 .net "i2", 9 0, v0x558f30493a70_0;  1 drivers
v0x558f30492b20_0 .net "i3", 9 0, v0x558f30493b30_0;  1 drivers
v0x558f30492df0_0 .net "o0", 9 0, v0x558f3047fd70_0;  alias, 1 drivers
v0x558f30492f00_0 .net "o1", 9 0, v0x558f30480660_0;  alias, 1 drivers
v0x558f30493010_0 .net "o2", 9 0, v0x558f30481090_0;  alias, 1 drivers
v0x558f30493120_0 .net "o3", 9 0, v0x558f304819b0_0;  alias, 1 drivers
v0x558f30493230_0 .net "req0", 3 0, v0x558f304845b0_0;  1 drivers
v0x558f30493340_0 .net "req1", 3 0, v0x558f30487ef0_0;  1 drivers
v0x558f30493450_0 .net "req2", 3 0, v0x558f3048b740_0;  1 drivers
v0x558f30493560_0 .net "req3", 3 0, v0x558f3048f120_0;  1 drivers
v0x558f30493670_0 .net "rst", 0 0, v0x558f30493ef0_0;  1 drivers
L_0x558f304956c0 .part v0x558f304845b0_0, 0, 1;
L_0x558f30495760 .part v0x558f30487ef0_0, 0, 1;
L_0x558f30495800 .part v0x558f3048b740_0, 0, 1;
L_0x558f304958a0 .part v0x558f3048f120_0, 0, 1;
L_0x558f30495970 .part v0x558f304845b0_0, 1, 1;
L_0x558f30495aa0 .part v0x558f30487ef0_0, 1, 1;
L_0x558f30495c10 .part v0x558f3048b740_0, 1, 1;
L_0x558f30495d40 .part v0x558f3048f120_0, 1, 1;
L_0x558f30495ec0 .part v0x558f304845b0_0, 2, 1;
L_0x558f30495f60 .part v0x558f30487ef0_0, 2, 1;
L_0x558f30496090 .part v0x558f3048b740_0, 2, 1;
L_0x558f30496160 .part v0x558f3048f120_0, 2, 1;
L_0x558f304962a0 .part v0x558f304845b0_0, 3, 1;
L_0x558f30496370 .part v0x558f30487ef0_0, 3, 1;
L_0x558f304964c0 .part v0x558f3048b740_0, 3, 1;
L_0x558f30496590 .part v0x558f3048f120_0, 3, 1;
L_0x558f304966f0 .concat [ 1 1 1 1], v0x558f3047b6e0_0, v0x558f3047b7a0_0, v0x558f3047b840_0, v0x558f3047b940_0;
L_0x558f30496a00 .concat [ 1 1 1 1], v0x558f3047c650_0, v0x558f3047c710_0, v0x558f3047c7e0_0, v0x558f3047c8e0_0;
L_0x558f30496d80 .concat [ 1 1 1 1], v0x558f3047d5a0_0, v0x558f3047d690_0, v0x558f3047d760_0, v0x558f3047d860_0;
L_0x558f30496fd0 .concat [ 1 1 1 1], v0x558f3047e5d0_0, v0x558f3047e690_0, v0x558f3047e730_0, v0x558f3047e800_0;
S_0x558f3044d390 .scope module, "ackor0" "ackor" 4 9, 5 1 0, S_0x558f30453280;
 .timescale 0 0;
    .port_info 0 /INPUT 1 "a0";
    .port_info 1 /INPUT 1 "a1";
    .port_info 2 /INPUT 1 "a2";
    .port_info 3 /INPUT 1 "a3";
    .port_info 4 /OUTPUT 1 "ao";
L_0x558f30494d10 .functor OR 1, v0x558f3047b6e0_0, v0x558f3047c650_0, C4<0>, C4<0>;
L_0x558f30494e70 .functor OR 1, L_0x558f30494d10, v0x558f3047d5a0_0, C4<0>, C4<0>;
L_0x558f30494f30 .functor OR 1, L_0x558f30494e70, v0x558f3047e5d0_0, C4<0>, C4<0>;
v0x558f30446370_0 .net *"_ivl_0", 0 0, L_0x558f30494d10;  1 drivers
v0x558f30446410_0 .net *"_ivl_2", 0 0, L_0x558f30494e70;  1 drivers
v0x558f304474a0_0 .net "a0", 0 0, v0x558f3047b6e0_0;  alias, 1 drivers
v0x558f30447570_0 .net "a1", 0 0, v0x558f3047c650_0;  alias, 1 drivers
v0x558f3044a3c0_0 .net "a2", 0 0, v0x558f3047d5a0_0;  alias, 1 drivers
v0x558f30440660_0 .net "a3", 0 0, v0x558f3047e5d0_0;  alias, 1 drivers
v0x558f30440700_0 .net "ao", 0 0, L_0x558f30494f30;  alias, 1 drivers
S_0x558f30479a50 .scope module, "ackor1" "ackor" 4 10, 5 1 0, S_0x558f30453280;
 .timescale 0 0;
    .port_info 0 /INPUT 1 "a0";
    .port_info 1 /INPUT 1 "a1";
    .port_info 2 /INPUT 1 "a2";
    .port_info 3 /INPUT 1 "a3";
    .port_info 4 /OUTPUT 1 "ao";
L_0x558f30495030 .functor OR 1, v0x558f3047b7a0_0, v0x558f3047c710_0, C4<0>, C4<0>;
L_0x558f304950a0 .functor OR 1, L_0x558f30495030, v0x558f3047d690_0, C4<0>, C4<0>;
L_0x558f30495160 .functor OR 1, L_0x558f304950a0, v0x558f3047e690_0, C4<0>, C4<0>;
v0x558f30479c50_0 .net *"_ivl_0", 0 0, L_0x558f30495030;  1 drivers
v0x558f30479d30_0 .net *"_ivl_2", 0 0, L_0x558f304950a0;  1 drivers
v0x558f30479e10_0 .net "a0", 0 0, v0x558f3047b7a0_0;  alias, 1 drivers
v0x558f30479eb0_0 .net "a1", 0 0, v0x558f3047c710_0;  alias, 1 drivers
v0x558f30479f70_0 .net "a2", 0 0, v0x558f3047d690_0;  alias, 1 drivers
v0x558f3047a080_0 .net "a3", 0 0, v0x558f3047e690_0;  alias, 1 drivers
v0x558f3047a140_0 .net "ao", 0 0, L_0x558f30495160;  alias, 1 drivers
S_0x558f3047a2a0 .scope module, "ackor2" "ackor" 4 11, 5 1 0, S_0x558f30453280;
 .timescale 0 0;
    .port_info 0 /INPUT 1 "a0";
    .port_info 1 /INPUT 1 "a1";
    .port_info 2 /INPUT 1 "a2";
    .port_info 3 /INPUT 1 "a3";
    .port_info 4 /OUTPUT 1 "ao";
L_0x558f30495260 .functor OR 1, v0x558f3047b840_0, v0x558f3047c7e0_0, C4<0>, C4<0>;
L_0x558f304952d0 .functor OR 1, L_0x558f30495260, v0x558f3047d760_0, C4<0>, C4<0>;
L_0x558f30495390 .functor OR 1, L_0x558f304952d0, v0x558f3047e730_0, C4<0>, C4<0>;
v0x558f3047a480_0 .net *"_ivl_0", 0 0, L_0x558f30495260;  1 drivers
v0x558f3047a560_0 .net *"_ivl_2", 0 0, L_0x558f304952d0;  1 drivers
v0x558f3047a640_0 .net "a0", 0 0, v0x558f3047b840_0;  alias, 1 drivers
v0x558f3047a6e0_0 .net "a1", 0 0, v0x558f3047c7e0_0;  alias, 1 drivers
v0x558f3047a7a0_0 .net "a2", 0 0, v0x558f3047d760_0;  alias, 1 drivers
v0x558f3047a8b0_0 .net "a3", 0 0, v0x558f3047e730_0;  alias, 1 drivers
v0x558f3047a970_0 .net "ao", 0 0, L_0x558f30495390;  alias, 1 drivers
S_0x558f3047aad0 .scope module, "ackor3" "ackor" 4 12, 5 1 0, S_0x558f30453280;
 .timescale 0 0;
    .port_info 0 /INPUT 1 "a0";
    .port_info 1 /INPUT 1 "a1";
    .port_info 2 /INPUT 1 "a2";
    .port_info 3 /INPUT 1 "a3";
    .port_info 4 /OUTPUT 1 "ao";
L_0x558f30495490 .functor OR 1, v0x558f3047b940_0, v0x558f3047c8e0_0, C4<0>, C4<0>;
L_0x558f30495500 .functor OR 1, L_0x558f30495490, v0x558f3047d860_0, C4<0>, C4<0>;
L_0x558f304955c0 .functor OR 1, L_0x558f30495500, v0x558f3047e800_0, C4<0>, C4<0>;
v0x558f3047acb0_0 .net *"_ivl_0", 0 0, L_0x558f30495490;  1 drivers
v0x558f3047adb0_0 .net *"_ivl_2", 0 0, L_0x558f30495500;  1 drivers
v0x558f3047ae90_0 .net "a0", 0 0, v0x558f3047b940_0;  alias, 1 drivers
v0x558f3047af60_0 .net "a1", 0 0, v0x558f3047c8e0_0;  alias, 1 drivers
v0x558f3047b020_0 .net "a2", 0 0, v0x558f3047d860_0;  alias, 1 drivers
v0x558f3047b130_0 .net "a3", 0 0, v0x558f3047e800_0;  alias, 1 drivers
v0x558f3047b1f0_0 .net "ao", 0 0, L_0x558f304955c0;  alias, 1 drivers
S_0x558f3047b350 .scope module, "arb0" "arb" 4 13, 6 2 0, S_0x558f30453280;
 .timescale 0 0;
    .port_info 0 /INPUT 1 "req0";
    .port_info 1 /INPUT 1 "req1";
    .port_info 2 /INPUT 1 "req2";
    .port_info 3 /INPUT 1 "req3";
    .port_info 4 /OUTPUT 1 "ack0";
    .port_info 5 /OUTPUT 1 "ack1";
    .port_info 6 /OUTPUT 1 "ack2";
    .port_info 7 /OUTPUT 1 "ack3";
    .port_info 8 /INPUT 1 "clk";
    .port_info 9 /INPUT 1 "rst";
v0x558f3047b6e0_0 .var "ack0", 0 0;
v0x558f3047b7a0_0 .var "ack1", 0 0;
v0x558f3047b840_0 .var "ack2", 0 0;
v0x558f3047b940_0 .var "ack3", 0 0;
v0x558f3047ba10_0 .net "clk", 0 0, v0x558f30493850_0;  alias, 1 drivers
v0x558f3047bb00_0 .var "pri", 1 0;
v0x558f3047bba0_0 .net "req0", 0 0, L_0x558f304956c0;  1 drivers
v0x558f3047bc40_0 .net "req1", 0 0, L_0x558f30495760;  1 drivers
v0x558f3047bce0_0 .net "req2", 0 0, L_0x558f30495800;  1 drivers
v0x558f3047bda0_0 .net "req3", 0 0, L_0x558f304958a0;  1 drivers
v0x558f3047be60_0 .var "rreq0", 0 0;
v0x558f3047bf20_0 .var "rreq1", 0 0;
v0x558f3047bfe0_0 .var "rreq2", 0 0;
v0x558f3047c0a0_0 .var "rreq3", 0 0;
v0x558f3047c160_0 .net "rst", 0 0, v0x558f30493ef0_0;  alias, 1 drivers
E_0x558f303ef660 .event posedge, v0x558f3047ba10_0;
E_0x558f303ef890 .event posedge, v0x558f3047c160_0, v0x558f3047ba10_0;
S_0x558f3047c3c0 .scope module, "arb1" "arb" 4 14, 6 2 0, S_0x558f30453280;
 .timescale 0 0;
    .port_info 0 /INPUT 1 "req0";
    .port_info 1 /INPUT 1 "req1";
    .port_info 2 /INPUT 1 "req2";
    .port_info 3 /INPUT 1 "req3";
    .port_info 4 /OUTPUT 1 "ack0";
    .port_info 5 /OUTPUT 1 "ack1";
    .port_info 6 /OUTPUT 1 "ack2";
    .port_info 7 /OUTPUT 1 "ack3";
    .port_info 8 /INPUT 1 "clk";
    .port_info 9 /INPUT 1 "rst";
v0x558f3047c650_0 .var "ack0", 0 0;
v0x558f3047c710_0 .var "ack1", 0 0;
v0x558f3047c7e0_0 .var "ack2", 0 0;
v0x558f3047c8e0_0 .var "ack3", 0 0;
v0x558f3047c9b0_0 .net "clk", 0 0, v0x558f30493850_0;  alias, 1 drivers
v0x558f3047caa0_0 .var "pri", 1 0;
v0x558f3047cb40_0 .net "req0", 0 0, L_0x558f30495970;  1 drivers
v0x558f3047cbe0_0 .net "req1", 0 0, L_0x558f30495aa0;  1 drivers
v0x558f3047cc80_0 .net "req2", 0 0, L_0x558f30495c10;  1 drivers
v0x558f3047cd20_0 .net "req3", 0 0, L_0x558f30495d40;  1 drivers
v0x558f3047cdc0_0 .var "rreq0", 0 0;
v0x558f3047ce80_0 .var "rreq1", 0 0;
v0x558f3047cf40_0 .var "rreq2", 0 0;
v0x558f3047d000_0 .var "rreq3", 0 0;
v0x558f3047d0c0_0 .net "rst", 0 0, v0x558f30493ef0_0;  alias, 1 drivers
S_0x558f3047d310 .scope module, "arb2" "arb" 4 15, 6 2 0, S_0x558f30453280;
 .timescale 0 0;
    .port_info 0 /INPUT 1 "req0";
    .port_info 1 /INPUT 1 "req1";
    .port_info 2 /INPUT 1 "req2";
    .port_info 3 /INPUT 1 "req3";
    .port_info 4 /OUTPUT 1 "ack0";
    .port_info 5 /OUTPUT 1 "ack1";
    .port_info 6 /OUTPUT 1 "ack2";
    .port_info 7 /OUTPUT 1 "ack3";
    .port_info 8 /INPUT 1 "clk";
    .port_info 9 /INPUT 1 "rst";
v0x558f3047d5a0_0 .var "ack0", 0 0;
v0x558f3047d690_0 .var "ack1", 0 0;
v0x558f3047d760_0 .var "ack2", 0 0;
v0x558f3047d860_0 .var "ack3", 0 0;
v0x558f3047d930_0 .net "clk", 0 0, v0x558f30493850_0;  alias, 1 drivers
v0x558f3047da70_0 .var "pri", 1 0;
v0x558f3047db10_0 .net "req0", 0 0, L_0x558f30495ec0;  1 drivers
v0x558f3047dbb0_0 .net "req1", 0 0, L_0x558f30495f60;  1 drivers
v0x558f3047dc50_0 .net "req2", 0 0, L_0x558f30496090;  1 drivers
v0x558f3047dcf0_0 .net "req3", 0 0, L_0x558f30496160;  1 drivers
v0x558f3047ddb0_0 .var "rreq0", 0 0;
v0x558f3047de70_0 .var "rreq1", 0 0;
v0x558f3047df30_0 .var "rreq2", 0 0;
v0x558f3047dff0_0 .var "rreq3", 0 0;
v0x558f3047e0b0_0 .net "rst", 0 0, v0x558f30493ef0_0;  alias, 1 drivers
S_0x558f3047e2f0 .scope module, "arb3" "arb" 4 16, 6 2 0, S_0x558f30453280;
 .timescale 0 0;
    .port_info 0 /INPUT 1 "req0";
    .port_info 1 /INPUT 1 "req1";
    .port_info 2 /INPUT 1 "req2";
    .port_info 3 /INPUT 1 "req3";
    .port_info 4 /OUTPUT 1 "ack0";
    .port_info 5 /OUTPUT 1 "ack1";
    .port_info 6 /OUTPUT 1 "ack2";
    .port_info 7 /OUTPUT 1 "ack3";
    .port_info 8 /INPUT 1 "clk";
    .port_info 9 /INPUT 1 "rst";
v0x558f3047e5d0_0 .var "ack0", 0 0;
v0x558f3047e690_0 .var "ack1", 0 0;
v0x558f3047e730_0 .var "ack2", 0 0;
v0x558f3047e800_0 .var "ack3", 0 0;
v0x558f3047e8d0_0 .net "clk", 0 0, v0x558f30493850_0;  alias, 1 drivers
v0x558f3047e9c0_0 .var "pri", 1 0;
v0x558f3047ea60_0 .net "req0", 0 0, L_0x558f304962a0;  1 drivers
v0x558f3047eb00_0 .net "req1", 0 0, L_0x558f30496370;  1 drivers
v0x558f3047eba0_0 .net "req2", 0 0, L_0x558f304964c0;  1 drivers
v0x558f3047ecd0_0 .net "req3", 0 0, L_0x558f30496590;  1 drivers
v0x558f3047ed90_0 .var "rreq0", 0 0;
v0x558f3047ee50_0 .var "rreq1", 0 0;
v0x558f3047ef10_0 .var "rreq2", 0 0;
v0x558f3047efd0_0 .var "rreq3", 0 0;
v0x558f3047f090_0 .net "rst", 0 0, v0x558f30493ef0_0;  alias, 1 drivers
S_0x558f3047f2d0 .scope module, "cb" "cb" 4 17, 7 2 0, S_0x558f30453280;
 .timescale 0 0;
    .port_info 0 /INPUT 10 "i0";
    .port_info 1 /INPUT 10 "i1";
    .port_info 2 /INPUT 10 "i2";
    .port_info 3 /INPUT 10 "i3";
    .port_info 4 /OUTPUT 10 "o0";
    .port_info 5 /OUTPUT 10 "o1";
    .port_info 6 /OUTPUT 10 "o2";
    .port_info 7 /OUTPUT 10 "o3";
    .port_info 8 /INPUT 4 "d0";
    .port_info 9 /INPUT 4 "d1";
    .port_info 10 /INPUT 4 "d2";
    .port_info 11 /INPUT 4 "d3";
v0x558f30481b90_0 .net "d0", 3 0, L_0x558f304966f0;  1 drivers
v0x558f30481c70_0 .net "d1", 3 0, L_0x558f30496a00;  1 drivers
v0x558f30481d10_0 .net "d2", 3 0, L_0x558f30496d80;  1 drivers
v0x558f30481db0_0 .net "d3", 3 0, L_0x558f30496fd0;  1 drivers
v0x558f30481e80_0 .net "i0", 9 0, v0x558f30483810_0;  alias, 1 drivers
v0x558f30482000_0 .net "i1", 9 0, v0x558f30486f80_0;  alias, 1 drivers
v0x558f30482130_0 .net "i2", 9 0, v0x558f3048a8e0_0;  alias, 1 drivers
v0x558f30482280_0 .net "i3", 9 0, v0x558f3048e1c0_0;  alias, 1 drivers
v0x558f304823d0_0 .net "o0", 9 0, v0x558f3047fd70_0;  alias, 1 drivers
v0x558f30482520_0 .net "o1", 9 0, v0x558f30480660_0;  alias, 1 drivers
v0x558f304825f0_0 .net "o2", 9 0, v0x558f30481090_0;  alias, 1 drivers
v0x558f304826c0_0 .net "o3", 9 0, v0x558f304819b0_0;  alias, 1 drivers
S_0x558f3047f620 .scope module, "cbsel0" "cbsel" 7 3, 8 2 0, S_0x558f3047f2d0;
 .timescale 0 0;
    .port_info 0 /INPUT 10 "i0";
    .port_info 1 /INPUT 10 "i1";
    .port_info 2 /INPUT 10 "i2";
    .port_info 3 /INPUT 10 "i3";
    .port_info 4 /OUTPUT 10 "o";
    .port_info 5 /INPUT 4 "d";
v0x558f3047f8c0_0 .net "d", 3 0, L_0x558f304966f0;  alias, 1 drivers
v0x558f3047f9c0_0 .net "i0", 9 0, v0x558f30483810_0;  alias, 1 drivers
v0x558f3047faa0_0 .net "i1", 9 0, v0x558f30486f80_0;  alias, 1 drivers
v0x558f3047fb60_0 .net "i2", 9 0, v0x558f3048a8e0_0;  alias, 1 drivers
v0x558f3047fc40_0 .net "i3", 9 0, v0x558f3048e1c0_0;  alias, 1 drivers
v0x558f3047fd70_0 .var "o", 9 0;
E_0x558f30393590/0 .event edge, v0x558f3047f8c0_0, v0x558f3047f9c0_0, v0x558f3047faa0_0, v0x558f3047fb60_0;
E_0x558f30393590/1 .event edge, v0x558f3047fc40_0;
E_0x558f30393590 .event/or E_0x558f30393590/0, E_0x558f30393590/1;
S_0x558f3047ff10 .scope module, "cbsel1" "cbsel" 7 4, 8 2 0, S_0x558f3047f2d0;
 .timescale 0 0;
    .port_info 0 /INPUT 10 "i0";
    .port_info 1 /INPUT 10 "i1";
    .port_info 2 /INPUT 10 "i2";
    .port_info 3 /INPUT 10 "i3";
    .port_info 4 /OUTPUT 10 "o";
    .port_info 5 /INPUT 4 "d";
v0x558f304801e0_0 .net "d", 3 0, L_0x558f30496a00;  alias, 1 drivers
v0x558f304802e0_0 .net "i0", 9 0, v0x558f30483810_0;  alias, 1 drivers
v0x558f304803a0_0 .net "i1", 9 0, v0x558f30486f80_0;  alias, 1 drivers
v0x558f304804a0_0 .net "i2", 9 0, v0x558f3048a8e0_0;  alias, 1 drivers
v0x558f30480570_0 .net "i3", 9 0, v0x558f3048e1c0_0;  alias, 1 drivers
v0x558f30480660_0 .var "o", 9 0;
E_0x558f304653e0/0 .event edge, v0x558f304801e0_0, v0x558f3047f9c0_0, v0x558f3047faa0_0, v0x558f3047fb60_0;
E_0x558f304653e0/1 .event edge, v0x558f3047fc40_0;
E_0x558f304653e0 .event/or E_0x558f304653e0/0, E_0x558f304653e0/1;
S_0x558f30480800 .scope module, "cbsel2" "cbsel" 7 5, 8 2 0, S_0x558f3047f2d0;
 .timescale 0 0;
    .port_info 0 /INPUT 10 "i0";
    .port_info 1 /INPUT 10 "i1";
    .port_info 2 /INPUT 10 "i2";
    .port_info 3 /INPUT 10 "i3";
    .port_info 4 /OUTPUT 10 "o";
    .port_info 5 /INPUT 4 "d";
v0x558f30480b20_0 .net "d", 3 0, L_0x558f30496d80;  alias, 1 drivers
v0x558f30480c20_0 .net "i0", 9 0, v0x558f30483810_0;  alias, 1 drivers
v0x558f30480d30_0 .net "i1", 9 0, v0x558f30486f80_0;  alias, 1 drivers
v0x558f30480e20_0 .net "i2", 9 0, v0x558f3048a8e0_0;  alias, 1 drivers
v0x558f30480f30_0 .net "i3", 9 0, v0x558f3048e1c0_0;  alias, 1 drivers
v0x558f30481090_0 .var "o", 9 0;
E_0x558f30480ab0/0 .event edge, v0x558f30480b20_0, v0x558f3047f9c0_0, v0x558f3047faa0_0, v0x558f3047fb60_0;
E_0x558f30480ab0/1 .event edge, v0x558f3047fc40_0;
E_0x558f30480ab0 .event/or E_0x558f30480ab0/0, E_0x558f30480ab0/1;
S_0x558f30481270 .scope module, "cbsel3" "cbsel" 7 6, 8 2 0, S_0x558f3047f2d0;
 .timescale 0 0;
    .port_info 0 /INPUT 10 "i0";
    .port_info 1 /INPUT 10 "i1";
    .port_info 2 /INPUT 10 "i2";
    .port_info 3 /INPUT 10 "i3";
    .port_info 4 /OUTPUT 10 "o";
    .port_info 5 /INPUT 4 "d";
v0x558f30481580_0 .net "d", 3 0, L_0x558f30496fd0;  alias, 1 drivers
v0x558f30481680_0 .net "i0", 9 0, v0x558f30483810_0;  alias, 1 drivers
v0x558f30481740_0 .net "i1", 9 0, v0x558f30486f80_0;  alias, 1 drivers
v0x558f304817e0_0 .net "i2", 9 0, v0x558f3048a8e0_0;  alias, 1 drivers
v0x558f304818a0_0 .net "i3", 9 0, v0x558f3048e1c0_0;  alias, 1 drivers
v0x558f304819b0_0 .var "o", 9 0;
E_0x558f304814f0/0 .event edge, v0x558f30481580_0, v0x558f3047f9c0_0, v0x558f3047faa0_0, v0x558f3047fb60_0;
E_0x558f304814f0/1 .event edge, v0x558f3047fc40_0;
E_0x558f304814f0 .event/or E_0x558f304814f0/0, E_0x558f304814f0/1;
S_0x558f304828f0 .scope module, "ib0" "ib" 4 5, 9 2 0, S_0x558f30453280;
 .timescale 0 0;
    .port_info 0 /INPUT 10 "pkti";
    .port_info 1 /OUTPUT 10 "pkto";
    .port_info 2 /OUTPUT 4 "req";
    .port_info 3 /INPUT 1 "ack";
    .port_info 4 /OUTPUT 1 "full";
    .port_info 5 /INPUT 1 "clk";
    .port_info 6 /INPUT 1 "rst";
v0x558f30485510_0 .net "ack", 0 0, L_0x558f30494f30;  alias, 1 drivers
v0x558f30485600_0 .net "clk", 0 0, v0x558f30493850_0;  alias, 1 drivers
v0x558f304856c0_0 .net "empty", 0 0, v0x558f304832a0_0;  1 drivers
v0x558f304857b0_0 .net "full", 0 0, v0x558f30483360_0;  alias, 1 drivers
v0x558f30485850_0 .net "pkti", 9 0, v0x558f30493910_0;  alias, 1 drivers
v0x558f30485990_0 .net "pkto", 9 0, v0x558f30483810_0;  alias, 1 drivers
v0x558f30485a30_0 .net "re", 0 0, v0x558f30484510_0;  1 drivers
v0x558f30485b20_0 .net "req", 3 0, v0x558f304845b0_0;  alias, 1 drivers
v0x558f30485bc0_0 .net "reqi", 3 0, v0x558f30484da0_0;  1 drivers
v0x558f30485cf0_0 .net "rst", 0 0, v0x558f30493ef0_0;  alias, 1 drivers
v0x558f30485d90_0 .net "we", 0 0, v0x558f30485420_0;  1 drivers
L_0x558f30494190 .part v0x558f30483810_0, 8, 2;
S_0x558f30482b30 .scope module, "fifo" "fifo" 9 6, 10 2 0, S_0x558f304828f0;
 .timescale 0 0;
    .port_info 0 /INPUT 10 "in";
    .port_info 1 /INPUT 1 "we";
    .port_info 2 /OUTPUT 1 "full";
    .port_info 3 /OUTPUT 10 "out";
    .port_info 4 /INPUT 1 "re";
    .port_info 5 /OUTPUT 1 "empty";
    .port_info 6 /INPUT 1 "clk";
    .port_info 7 /INPUT 1 "rst";
L_0x558f303ea7e0 .functor BUFZ 10, L_0x558f30493f90, C4<0000000000>, C4<0000000000>, C4<0000000000>;
v0x558f30482dc0_0 .net *"_ivl_0", 9 0, L_0x558f30493f90;  1 drivers
v0x558f30482ec0_0 .net *"_ivl_2", 5 0, L_0x558f30494050;  1 drivers
L_0x7f9cc92ce018 .functor BUFT 1, C4<00>, C4<0>, C4<0>, C4<0>;
v0x558f30482fa0_0 .net *"_ivl_5", 1 0, L_0x7f9cc92ce018;  1 drivers
L_0x7f9cc92ce060 .functor BUFT 1, C4<0001>, C4<0>, C4<0>, C4<0>;
v0x558f30483090_0 .net/2u *"_ivl_8", 3 0, L_0x7f9cc92ce060;  1 drivers
v0x558f30483170_0 .net "clk", 0 0, v0x558f30493850_0;  alias, 1 drivers
v0x558f304832a0_0 .var "empty", 0 0;
v0x558f30483360_0 .var "full", 0 0;
v0x558f30483420_0 .var "head", 3 0;
v0x558f30483500_0 .net "headi", 3 0, L_0x558f304940f0;  1 drivers
v0x558f30483670_0 .net "in", 9 0, v0x558f30493910_0;  alias, 1 drivers
v0x558f30483750 .array "mem", 0 15, 9 0;
v0x558f30483810_0 .var "out", 9 0;
v0x558f304838d0_0 .net "pout", 9 0, L_0x558f303ea7e0;  1 drivers
v0x558f304839b0_0 .net "re", 0 0, v0x558f30484510_0;  alias, 1 drivers
v0x558f30483a70_0 .net "rst", 0 0, v0x558f30493ef0_0;  alias, 1 drivers
v0x558f30483ba0_0 .var "tail", 3 0;
v0x558f30483c80_0 .net "we", 0 0, v0x558f30485420_0;  alias, 1 drivers
E_0x558f30482ce0 .event edge, v0x558f30483420_0, v0x558f30483ba0_0, v0x558f30483500_0;
E_0x558f30482d60 .event edge, v0x558f304832a0_0, v0x558f304838d0_0;
L_0x558f30493f90 .array/port v0x558f30483750, L_0x558f30494050;
L_0x558f30494050 .concat [ 4 2 0 0], v0x558f30483ba0_0, L_0x7f9cc92ce018;
L_0x558f304940f0 .arith/sum 4, v0x558f30483420_0, L_0x7f9cc92ce060;
S_0x558f30483e40 .scope module, "isbm" "isbm" 9 7, 11 2 0, S_0x558f304828f0;
 .timescale 0 0;
    .port_info 0 /INPUT 2 "pout";
    .port_info 1 /OUTPUT 1 "re";
    .port_info 2 /INPUT 1 "empty";
    .port_info 3 /INPUT 4 "reqi";
    .port_info 4 /OUTPUT 4 "req";
    .port_info 5 /INPUT 1 "ack";
    .port_info 6 /INPUT 1 "clk";
    .port_info 7 /INPUT 1 "rst";
enum0x558f3036ff80 .enum2/s (32)
   "INIT" 0,
   "AREQ" 1,
   "XFER" 2
 ;
v0x558f30484150_0 .net "ack", 0 0, L_0x558f30494f30;  alias, 1 drivers
v0x558f30484210_0 .net "clk", 0 0, v0x558f30493850_0;  alias, 1 drivers
v0x558f304842b0_0 .net "empty", 0 0, v0x558f304832a0_0;  alias, 1 drivers
v0x558f304843b0_0 .var/2s "nstate", 31 0;
v0x558f30484450_0 .net "pout", 1 0, L_0x558f30494190;  1 drivers
v0x558f30484510_0 .var "re", 0 0;
v0x558f304845b0_0 .var "req", 3 0;
v0x558f30484670_0 .net "reqi", 3 0, v0x558f30484da0_0;  alias, 1 drivers
v0x558f30484750_0 .net "rst", 0 0, v0x558f30493ef0_0;  alias, 1 drivers
v0x558f304847f0_0 .var/2s "state", 31 0;
E_0x558f304840c0 .event edge, v0x558f304847f0_0, v0x558f30484670_0, v0x558f30484450_0, v0x558f30440700_0;
S_0x558f304849d0 .scope module, "mkreq" "mkreq" 9 8, 12 2 0, S_0x558f304828f0;
 .timescale 0 0;
    .port_info 0 /INPUT 10 "pkti";
    .port_info 1 /OUTPUT 4 "req";
    .port_info 2 /INPUT 1 "clk";
    .port_info 3 /INPUT 1 "rst";
v0x558f30484c20_0 .net "clk", 0 0, v0x558f30493850_0;  alias, 1 drivers
v0x558f30484ce0_0 .net "pkti", 9 0, v0x558f30483810_0;  alias, 1 drivers
v0x558f30484da0_0 .var "req", 3 0;
v0x558f30484ea0_0 .var "reqp", 3 0;
v0x558f30484f60_0 .net "rst", 0 0, v0x558f30493ef0_0;  alias, 1 drivers
E_0x558f30484bc0 .event edge, v0x558f3047f9c0_0;
S_0x558f30485080 .scope module, "mkwe" "mkwe" 9 5, 13 2 0, S_0x558f304828f0;
 .timescale 0 0;
    .port_info 0 /INPUT 10 "pkti";
    .port_info 1 /OUTPUT 1 "we";
v0x558f30485340_0 .net "pkti", 9 0, v0x558f30493910_0;  alias, 1 drivers
v0x558f30485420_0 .var "we", 0 0;
E_0x558f304852c0 .event edge, v0x558f30483670_0;
S_0x558f30485fa0 .scope module, "ib1" "ib" 4 6, 9 2 0, S_0x558f30453280;
 .timescale 0 0;
    .port_info 0 /INPUT 10 "pkti";
    .port_info 1 /OUTPUT 10 "pkto";
    .port_info 2 /OUTPUT 4 "req";
    .port_info 3 /INPUT 1 "ack";
    .port_info 4 /OUTPUT 1 "full";
    .port_info 5 /INPUT 1 "clk";
    .port_info 6 /INPUT 1 "rst";
v0x558f30488e70_0 .net "ack", 0 0, L_0x558f30495160;  alias, 1 drivers
v0x558f30488f60_0 .net "clk", 0 0, v0x558f30493850_0;  alias, 1 drivers
v0x558f30489020_0 .net "empty", 0 0, v0x558f30486aa0_0;  1 drivers
v0x558f30489110_0 .net "full", 0 0, v0x558f30486b60_0;  alias, 1 drivers
v0x558f304891b0_0 .net "pkti", 9 0, v0x558f304939d0_0;  alias, 1 drivers
v0x558f304892f0_0 .net "pkto", 9 0, v0x558f30486f80_0;  alias, 1 drivers
v0x558f30489390_0 .net "re", 0 0, v0x558f30487e50_0;  1 drivers
v0x558f30489480_0 .net "req", 3 0, v0x558f30487ef0_0;  alias, 1 drivers
v0x558f30489520_0 .net "reqi", 3 0, v0x558f304886b0_0;  1 drivers
v0x558f304895c0_0 .net "rst", 0 0, v0x558f30493ef0_0;  alias, 1 drivers
v0x558f30489660_0 .net "we", 0 0, v0x558f30488d80_0;  1 drivers
L_0x558f30494520 .part v0x558f30486f80_0, 8, 2;
S_0x558f30486230 .scope module, "fifo" "fifo" 9 6, 10 2 0, S_0x558f30485fa0;
 .timescale 0 0;
    .port_info 0 /INPUT 10 "in";
    .port_info 1 /INPUT 1 "we";
    .port_info 2 /OUTPUT 1 "full";
    .port_info 3 /OUTPUT 10 "out";
    .port_info 4 /INPUT 1 "re";
    .port_info 5 /OUTPUT 1 "empty";
    .port_info 6 /INPUT 1 "clk";
    .port_info 7 /INPUT 1 "rst";
L_0x558f30457650 .functor BUFZ 10, L_0x558f30494230, C4<0000000000>, C4<0000000000>, C4<0000000000>;
v0x558f30486630_0 .net *"_ivl_0", 9 0, L_0x558f30494230;  1 drivers
v0x558f30486730_0 .net *"_ivl_2", 5 0, L_0x558f304942d0;  1 drivers
L_0x7f9cc92ce0a8 .functor BUFT 1, C4<00>, C4<0>, C4<0>, C4<0>;
v0x558f30486810_0 .net *"_ivl_5", 1 0, L_0x7f9cc92ce0a8;  1 drivers
L_0x7f9cc92ce0f0 .functor BUFT 1, C4<0001>, C4<0>, C4<0>, C4<0>;
v0x558f304868d0_0 .net/2u *"_ivl_8", 3 0, L_0x7f9cc92ce0f0;  1 drivers
v0x558f304869b0_0 .net "clk", 0 0, v0x558f30493850_0;  alias, 1 drivers
v0x558f30486aa0_0 .var "empty", 0 0;
v0x558f30486b60_0 .var "full", 0 0;
v0x558f30486c20_0 .var "head", 3 0;
v0x558f30486d00_0 .net "headi", 3 0, L_0x558f304943c0;  1 drivers
v0x558f30486de0_0 .net "in", 9 0, v0x558f304939d0_0;  alias, 1 drivers
v0x558f30486ec0 .array "mem", 0 15, 9 0;
v0x558f30486f80_0 .var "out", 9 0;
v0x558f30487040_0 .net "pout", 9 0, L_0x558f30457650;  1 drivers
v0x558f30487120_0 .net "re", 0 0, v0x558f30487e50_0;  alias, 1 drivers
v0x558f304871e0_0 .net "rst", 0 0, v0x558f30493ef0_0;  alias, 1 drivers
v0x558f30487390_0 .var "tail", 3 0;
v0x558f30487470_0 .net "we", 0 0, v0x558f30488d80_0;  alias, 1 drivers
E_0x558f30486550 .event edge, v0x558f30486c20_0, v0x558f30487390_0, v0x558f30486d00_0;
E_0x558f304865d0 .event edge, v0x558f30486aa0_0, v0x558f30487040_0;
L_0x558f30494230 .array/port v0x558f30486ec0, L_0x558f304942d0;
L_0x558f304942d0 .concat [ 4 2 0 0], v0x558f30487390_0, L_0x7f9cc92ce0a8;
L_0x558f304943c0 .arith/sum 4, v0x558f30486c20_0, L_0x7f9cc92ce0f0;
S_0x558f30487740 .scope module, "isbm" "isbm" 9 7, 11 2 0, S_0x558f30485fa0;
 .timescale 0 0;
    .port_info 0 /INPUT 2 "pout";
    .port_info 1 /OUTPUT 1 "re";
    .port_info 2 /INPUT 1 "empty";
    .port_info 3 /INPUT 4 "reqi";
    .port_info 4 /OUTPUT 4 "req";
    .port_info 5 /INPUT 1 "ack";
    .port_info 6 /INPUT 1 "clk";
    .port_info 7 /INPUT 1 "rst";
enum0x558f30370920 .enum2/s (32)
   "INIT" 0,
   "AREQ" 1,
   "XFER" 2
 ;
v0x558f30487aa0_0 .net "ack", 0 0, L_0x558f30495160;  alias, 1 drivers
v0x558f30487b60_0 .net "clk", 0 0, v0x558f30493850_0;  alias, 1 drivers
v0x558f30487c00_0 .net "empty", 0 0, v0x558f30486aa0_0;  alias, 1 drivers
v0x558f30487ca0_0 .var/2s "nstate", 31 0;
v0x558f30487d40_0 .net "pout", 1 0, L_0x558f30494520;  1 drivers
v0x558f30487e50_0 .var "re", 0 0;
v0x558f30487ef0_0 .var "req", 3 0;
v0x558f30487fb0_0 .net "reqi", 3 0, v0x558f304886b0_0;  alias, 1 drivers
v0x558f30488090_0 .net "rst", 0 0, v0x558f30493ef0_0;  alias, 1 drivers
v0x558f30488130_0 .var/2s "state", 31 0;
E_0x558f30487a10 .event edge, v0x558f30488130_0, v0x558f30487fb0_0, v0x558f30487d40_0, v0x558f3047a140_0;
S_0x558f30488310 .scope module, "mkreq" "mkreq" 9 8, 12 2 0, S_0x558f30485fa0;
 .timescale 0 0;
    .port_info 0 /INPUT 10 "pkti";
    .port_info 1 /OUTPUT 4 "req";
    .port_info 2 /INPUT 1 "clk";
    .port_info 3 /INPUT 1 "rst";
v0x558f30488530_0 .net "clk", 0 0, v0x558f30493850_0;  alias, 1 drivers
v0x558f304885f0_0 .net "pkti", 9 0, v0x558f30486f80_0;  alias, 1 drivers
v0x558f304886b0_0 .var "req", 3 0;
v0x558f304887b0_0 .var "reqp", 3 0;
v0x558f30488870_0 .net "rst", 0 0, v0x558f30493ef0_0;  alias, 1 drivers
E_0x558f304884d0 .event edge, v0x558f3047faa0_0;
S_0x558f304889e0 .scope module, "mkwe" "mkwe" 9 5, 13 2 0, S_0x558f30485fa0;
 .timescale 0 0;
    .port_info 0 /INPUT 10 "pkti";
    .port_info 1 /OUTPUT 1 "we";
v0x558f30488ca0_0 .net "pkti", 9 0, v0x558f304939d0_0;  alias, 1 drivers
v0x558f30488d80_0 .var "we", 0 0;
E_0x558f30488c20 .event edge, v0x558f30486de0_0;
S_0x558f30489870 .scope module, "ib2" "ib" 4 7, 9 2 0, S_0x558f30453280;
 .timescale 0 0;
    .port_info 0 /INPUT 10 "pkti";
    .port_info 1 /OUTPUT 10 "pkto";
    .port_info 2 /OUTPUT 4 "req";
    .port_info 3 /INPUT 1 "ack";
    .port_info 4 /OUTPUT 1 "full";
    .port_info 5 /INPUT 1 "clk";
    .port_info 6 /INPUT 1 "rst";
v0x558f3048c6c0_0 .net "ack", 0 0, L_0x558f30495390;  alias, 1 drivers
v0x558f3048c7b0_0 .net "clk", 0 0, v0x558f30493850_0;  alias, 1 drivers
v0x558f3048c870_0 .net "empty", 0 0, v0x558f3048a370_0;  1 drivers
v0x558f3048c960_0 .net "full", 0 0, v0x558f3048a430_0;  alias, 1 drivers
v0x558f3048ca00_0 .net "pkti", 9 0, v0x558f30493a70_0;  alias, 1 drivers
v0x558f3048cb40_0 .net "pkto", 9 0, v0x558f3048a8e0_0;  alias, 1 drivers
v0x558f3048cbe0_0 .net "re", 0 0, v0x558f3048b6a0_0;  1 drivers
v0x558f3048ccd0_0 .net "req", 3 0, v0x558f3048b740_0;  alias, 1 drivers
v0x558f3048cd70_0 .net "reqi", 3 0, v0x558f3048bf00_0;  1 drivers
v0x558f3048cea0_0 .net "rst", 0 0, v0x558f30493ef0_0;  alias, 1 drivers
v0x558f3048cf40_0 .net "we", 0 0, v0x558f3048c5d0_0;  1 drivers
L_0x558f304949a0 .part v0x558f3048a8e0_0, 8, 2;
S_0x558f30489b00 .scope module, "fifo" "fifo" 9 6, 10 2 0, S_0x558f30489870;
 .timescale 0 0;
    .port_info 0 /INPUT 10 "in";
    .port_info 1 /INPUT 1 "we";
    .port_info 2 /OUTPUT 1 "full";
    .port_info 3 /OUTPUT 10 "out";
    .port_info 4 /INPUT 1 "re";
    .port_info 5 /OUTPUT 1 "empty";
    .port_info 6 /INPUT 1 "clk";
    .port_info 7 /INPUT 1 "rst";
L_0x558f30494460 .functor BUFZ 10, L_0x558f304945c0, C4<0000000000>, C4<0000000000>, C4<0000000000>;
v0x558f30489f00_0 .net *"_ivl_0", 9 0, L_0x558f304945c0;  1 drivers
v0x558f3048a000_0 .net *"_ivl_2", 5 0, L_0x558f30494660;  1 drivers
L_0x7f9cc92ce138 .functor BUFT 1, C4<00>, C4<0>, C4<0>, C4<0>;
v0x558f3048a0e0_0 .net *"_ivl_5", 1 0, L_0x7f9cc92ce138;  1 drivers
L_0x7f9cc92ce180 .functor BUFT 1, C4<0001>, C4<0>, C4<0>, C4<0>;
v0x558f3048a1a0_0 .net/2u *"_ivl_8", 3 0, L_0x7f9cc92ce180;  1 drivers
v0x558f3048a280_0 .net "clk", 0 0, v0x558f30493850_0;  alias, 1 drivers
v0x558f3048a370_0 .var "empty", 0 0;
v0x558f3048a430_0 .var "full", 0 0;
v0x558f3048a4f0_0 .var "head", 3 0;
v0x558f3048a5d0_0 .net "headi", 3 0, L_0x558f30494840;  1 drivers
v0x558f3048a740_0 .net "in", 9 0, v0x558f30493a70_0;  alias, 1 drivers
v0x558f3048a820 .array "mem", 0 15, 9 0;
v0x558f3048a8e0_0 .var "out", 9 0;
v0x558f3048a9a0_0 .net "pout", 9 0, L_0x558f30494460;  1 drivers
v0x558f3048aa80_0 .net "re", 0 0, v0x558f3048b6a0_0;  alias, 1 drivers
v0x558f3048ab40_0 .net "rst", 0 0, v0x558f30493ef0_0;  alias, 1 drivers
v0x558f3048abe0_0 .var "tail", 3 0;
v0x558f3048acc0_0 .net "we", 0 0, v0x558f3048c5d0_0;  alias, 1 drivers
E_0x558f30489e20 .event edge, v0x558f3048a4f0_0, v0x558f3048abe0_0, v0x558f3048a5d0_0;
E_0x558f30489ea0 .event edge, v0x558f3048a370_0, v0x558f3048a9a0_0;
L_0x558f304945c0 .array/port v0x558f3048a820, L_0x558f30494660;
L_0x558f30494660 .concat [ 4 2 0 0], v0x558f3048abe0_0, L_0x7f9cc92ce138;
L_0x558f30494840 .arith/sum 4, v0x558f3048a4f0_0, L_0x7f9cc92ce180;
S_0x558f3048af90 .scope module, "isbm" "isbm" 9 7, 11 2 0, S_0x558f30489870;
 .timescale 0 0;
    .port_info 0 /INPUT 2 "pout";
    .port_info 1 /OUTPUT 1 "re";
    .port_info 2 /INPUT 1 "empty";
    .port_info 3 /INPUT 4 "reqi";
    .port_info 4 /OUTPUT 4 "req";
    .port_info 5 /INPUT 1 "ack";
    .port_info 6 /INPUT 1 "clk";
    .port_info 7 /INPUT 1 "rst";
enum0x558f303f1f60 .enum2/s (32)
   "INIT" 0,
   "AREQ" 1,
   "XFER" 2
 ;
v0x558f3048b2f0_0 .net "ack", 0 0, L_0x558f30495390;  alias, 1 drivers
v0x558f3048b3b0_0 .net "clk", 0 0, v0x558f30493850_0;  alias, 1 drivers
v0x558f3048b450_0 .net "empty", 0 0, v0x558f3048a370_0;  alias, 1 drivers
v0x558f3048b4f0_0 .var/2s "nstate", 31 0;
v0x558f3048b590_0 .net "pout", 1 0, L_0x558f304949a0;  1 drivers
v0x558f3048b6a0_0 .var "re", 0 0;
v0x558f3048b740_0 .var "req", 3 0;
v0x558f3048b800_0 .net "reqi", 3 0, v0x558f3048bf00_0;  alias, 1 drivers
v0x558f3048b8e0_0 .net "rst", 0 0, v0x558f30493ef0_0;  alias, 1 drivers
v0x558f3048b980_0 .var/2s "state", 31 0;
E_0x558f3048b260 .event edge, v0x558f3048b980_0, v0x558f3048b800_0, v0x558f3048b590_0, v0x558f3047a970_0;
S_0x558f3048bb60 .scope module, "mkreq" "mkreq" 9 8, 12 2 0, S_0x558f30489870;
 .timescale 0 0;
    .port_info 0 /INPUT 10 "pkti";
    .port_info 1 /OUTPUT 4 "req";
    .port_info 2 /INPUT 1 "clk";
    .port_info 3 /INPUT 1 "rst";
v0x558f3048bd80_0 .net "clk", 0 0, v0x558f30493850_0;  alias, 1 drivers
v0x558f3048be40_0 .net "pkti", 9 0, v0x558f3048a8e0_0;  alias, 1 drivers
v0x558f3048bf00_0 .var "req", 3 0;
v0x558f3048c000_0 .var "reqp", 3 0;
v0x558f3048c0c0_0 .net "rst", 0 0, v0x558f30493ef0_0;  alias, 1 drivers
E_0x558f3048bd20 .event edge, v0x558f3047fb60_0;
S_0x558f3048c230 .scope module, "mkwe" "mkwe" 9 5, 13 2 0, S_0x558f30489870;
 .timescale 0 0;
    .port_info 0 /INPUT 10 "pkti";
    .port_info 1 /OUTPUT 1 "we";
v0x558f3048c4f0_0 .net "pkti", 9 0, v0x558f30493a70_0;  alias, 1 drivers
v0x558f3048c5d0_0 .var "we", 0 0;
E_0x558f3048c470 .event edge, v0x558f3048a740_0;
S_0x558f3048d150 .scope module, "ib3" "ib" 4 8, 9 2 0, S_0x558f30453280;
 .timescale 0 0;
    .port_info 0 /INPUT 10 "pkti";
    .port_info 1 /OUTPUT 10 "pkto";
    .port_info 2 /OUTPUT 4 "req";
    .port_info 3 /INPUT 1 "ack";
    .port_info 4 /OUTPUT 1 "full";
    .port_info 5 /INPUT 1 "clk";
    .port_info 6 /INPUT 1 "rst";
v0x558f304900a0_0 .net "ack", 0 0, L_0x558f304955c0;  alias, 1 drivers
v0x558f30490190_0 .net "clk", 0 0, v0x558f30493850_0;  alias, 1 drivers
v0x558f30490250_0 .net "empty", 0 0, v0x558f3048dc50_0;  1 drivers
v0x558f30490340_0 .net "full", 0 0, v0x558f3048dd10_0;  alias, 1 drivers
v0x558f304903e0_0 .net "pkti", 9 0, v0x558f30493b30_0;  alias, 1 drivers
v0x558f30490520_0 .net "pkto", 9 0, v0x558f3048e1c0_0;  alias, 1 drivers
v0x558f304905c0_0 .net "re", 0 0, v0x558f3048f080_0;  1 drivers
v0x558f304906b0_0 .net "req", 3 0, v0x558f3048f120_0;  alias, 1 drivers
v0x558f30490750_0 .net "reqi", 3 0, v0x558f3048f8e0_0;  1 drivers
v0x558f30490880_0 .net "rst", 0 0, v0x558f30493ef0_0;  alias, 1 drivers
v0x558f30490920_0 .net "we", 0 0, v0x558f3048ffb0_0;  1 drivers
L_0x558f30494dd0 .part v0x558f3048e1c0_0, 8, 2;
S_0x558f3048d3e0 .scope module, "fifo" "fifo" 9 6, 10 2 0, S_0x558f3048d150;
 .timescale 0 0;
    .port_info 0 /INPUT 10 "in";
    .port_info 1 /INPUT 1 "we";
    .port_info 2 /OUTPUT 1 "full";
    .port_info 3 /OUTPUT 10 "out";
    .port_info 4 /INPUT 1 "re";
    .port_info 5 /OUTPUT 1 "empty";
    .port_info 6 /INPUT 1 "clk";
    .port_info 7 /INPUT 1 "rst";
L_0x558f304948e0 .functor BUFZ 10, L_0x558f30494a40, C4<0000000000>, C4<0000000000>, C4<0000000000>;
v0x558f3048d7e0_0 .net *"_ivl_0", 9 0, L_0x558f30494a40;  1 drivers
v0x558f3048d8e0_0 .net *"_ivl_2", 5 0, L_0x558f30494ae0;  1 drivers
L_0x7f9cc92ce1c8 .functor BUFT 1, C4<00>, C4<0>, C4<0>, C4<0>;
v0x558f3048d9c0_0 .net *"_ivl_5", 1 0, L_0x7f9cc92ce1c8;  1 drivers
L_0x7f9cc92ce210 .functor BUFT 1, C4<0001>, C4<0>, C4<0>, C4<0>;
v0x558f3048da80_0 .net/2u *"_ivl_8", 3 0, L_0x7f9cc92ce210;  1 drivers
v0x558f3048db60_0 .net "clk", 0 0, v0x558f30493850_0;  alias, 1 drivers
v0x558f3048dc50_0 .var "empty", 0 0;
v0x558f3048dd10_0 .var "full", 0 0;
v0x558f3048ddd0_0 .var "head", 3 0;
v0x558f3048deb0_0 .net "headi", 3 0, L_0x558f30494c70;  1 drivers
v0x558f3048e020_0 .net "in", 9 0, v0x558f30493b30_0;  alias, 1 drivers
v0x558f3048e100 .array "mem", 0 15, 9 0;
v0x558f3048e1c0_0 .var "out", 9 0;
v0x558f3048e280_0 .net "pout", 9 0, L_0x558f304948e0;  1 drivers
v0x558f3048e360_0 .net "re", 0 0, v0x558f3048f080_0;  alias, 1 drivers
v0x558f3048e420_0 .net "rst", 0 0, v0x558f30493ef0_0;  alias, 1 drivers
v0x558f3048e6d0_0 .var "tail", 3 0;
v0x558f3048e7b0_0 .net "we", 0 0, v0x558f3048ffb0_0;  alias, 1 drivers
E_0x558f3048d700 .event edge, v0x558f3048ddd0_0, v0x558f3048e6d0_0, v0x558f3048deb0_0;
E_0x558f3048d780 .event edge, v0x558f3048dc50_0, v0x558f3048e280_0;
L_0x558f30494a40 .array/port v0x558f3048e100, L_0x558f30494ae0;
L_0x558f30494ae0 .concat [ 4 2 0 0], v0x558f3048e6d0_0, L_0x7f9cc92ce1c8;
L_0x558f30494c70 .arith/sum 4, v0x558f3048ddd0_0, L_0x7f9cc92ce210;
S_0x558f3048e970 .scope module, "isbm" "isbm" 9 7, 11 2 0, S_0x558f3048d150;
 .timescale 0 0;
    .port_info 0 /INPUT 2 "pout";
    .port_info 1 /OUTPUT 1 "re";
    .port_info 2 /INPUT 1 "empty";
    .port_info 3 /INPUT 4 "reqi";
    .port_info 4 /OUTPUT 4 "req";
    .port_info 5 /INPUT 1 "ack";
    .port_info 6 /INPUT 1 "clk";
    .port_info 7 /INPUT 1 "rst";
enum0x558f303f3ef0 .enum2/s (32)
   "INIT" 0,
   "AREQ" 1,
   "XFER" 2
 ;
v0x558f3048ecd0_0 .net "ack", 0 0, L_0x558f304955c0;  alias, 1 drivers
v0x558f3048ed90_0 .net "clk", 0 0, v0x558f30493850_0;  alias, 1 drivers
v0x558f3048ee30_0 .net "empty", 0 0, v0x558f3048dc50_0;  alias, 1 drivers
v0x558f3048eed0_0 .var/2s "nstate", 31 0;
v0x558f3048ef70_0 .net "pout", 1 0, L_0x558f30494dd0;  1 drivers
v0x558f3048f080_0 .var "re", 0 0;
v0x558f3048f120_0 .var "req", 3 0;
v0x558f3048f1e0_0 .net "reqi", 3 0, v0x558f3048f8e0_0;  alias, 1 drivers
v0x558f3048f2c0_0 .net "rst", 0 0, v0x558f30493ef0_0;  alias, 1 drivers
v0x558f3048f360_0 .var/2s "state", 31 0;
E_0x558f3048ec40 .event edge, v0x558f3048f360_0, v0x558f3048f1e0_0, v0x558f3048ef70_0, v0x558f3047b1f0_0;
S_0x558f3048f540 .scope module, "mkreq" "mkreq" 9 8, 12 2 0, S_0x558f3048d150;
 .timescale 0 0;
    .port_info 0 /INPUT 10 "pkti";
    .port_info 1 /OUTPUT 4 "req";
    .port_info 2 /INPUT 1 "clk";
    .port_info 3 /INPUT 1 "rst";
v0x558f3048f760_0 .net "clk", 0 0, v0x558f30493850_0;  alias, 1 drivers
v0x558f3048f820_0 .net "pkti", 9 0, v0x558f3048e1c0_0;  alias, 1 drivers
v0x558f3048f8e0_0 .var "req", 3 0;
v0x558f3048f9e0_0 .var "reqp", 3 0;
v0x558f3048faa0_0 .net "rst", 0 0, v0x558f30493ef0_0;  alias, 1 drivers
E_0x558f3048f700 .event edge, v0x558f3047fc40_0;
S_0x558f3048fc10 .scope module, "mkwe" "mkwe" 9 5, 13 2 0, S_0x558f3048d150;
 .timescale 0 0;
    .port_info 0 /INPUT 10 "pkti";
    .port_info 1 /OUTPUT 1 "we";
v0x558f3048fed0_0 .net "pkti", 9 0, v0x558f30493b30_0;  alias, 1 drivers
v0x558f3048ffb0_0 .var "we", 0 0;
E_0x558f3048fe50 .event edge, v0x558f3048e020_0;
    .scope S_0x558f30485080;
T_0 ;
    %wait E_0x558f304852c0;
    %load/vec4 v0x558f30485340_0;
    %parti/s 2, 8, 5;
    %cmpi/e 0, 0, 2;
    %jmp/0xz  T_0.0, 4;
    %pushi/vec4 0, 0, 1;
    %store/vec4 v0x558f30485420_0, 0, 1;
    %jmp T_0.1;
T_0.0 ;
    %pushi/vec4 1, 0, 1;
    %store/vec4 v0x558f30485420_0, 0, 1;
T_0.1 ;
    %jmp T_0;
    .thread T_0, $push;
    .scope S_0x558f30482b30;
T_1 ;
Ewait_0 .event/or E_0x558f30482d60, E_0x0;
    %wait Ewait_0;
    %load/vec4 v0x558f304832a0_0;
    %flag_set/vec4 8;
    %jmp/0xz  T_1.0, 8;
    %pushi/vec4 0, 0, 10;
    %store/vec4 v0x558f30483810_0, 0, 10;
    %jmp T_1.1;
T_1.0 ;
    %load/vec4 v0x558f304838d0_0;
    %store/vec4 v0x558f30483810_0, 0, 10;
T_1.1 ;
    %jmp T_1;
    .thread T_1, $push;
    .scope S_0x558f30482b30;
T_2 ;
    %wait E_0x558f303ef660;
    %load/vec4 v0x558f30483c80_0;
    %flag_set/vec4 8;
    %jmp/0xz  T_2.0, 8;
    %load/vec4 v0x558f30483670_0;
    %load/vec4 v0x558f30483420_0;
    %pad/u 6;
    %ix/vec4 3;
    %ix/load 4, 0, 0; Constant delay
    %assign/vec4/a/d v0x558f30483750, 0, 4;
T_2.0 ;
    %jmp T_2;
    .thread T_2;
    .scope S_0x558f30482b30;
T_3 ;
    %wait E_0x558f303ef660;
    %load/vec4 v0x558f30483a70_0;
    %flag_set/vec4 8;
    %jmp/0xz  T_3.0, 8;
    %pushi/vec4 0, 0, 4;
    %assign/vec4 v0x558f30483420_0, 0;
    %pushi/vec4 0, 0, 4;
    %assign/vec4 v0x558f30483ba0_0, 0;
    %jmp T_3.1;
T_3.0 ;
    %load/vec4 v0x558f30483c80_0;
    %flag_set/vec4 8;
    %jmp/0xz  T_3.2, 8;
    %load/vec4 v0x558f30483500_0;
    %assign/vec4 v0x558f30483420_0, 0;
T_3.2 ;
    %load/vec4 v0x558f304839b0_0;
    %flag_set/vec4 8;
    %jmp/0xz  T_3.4, 8;
    %load/vec4 v0x558f30483ba0_0;
    %addi 1, 0, 4;
    %assign/vec4 v0x558f30483ba0_0, 0;
T_3.4 ;
T_3.1 ;
    %jmp T_3;
    .thread T_3;
    .scope S_0x558f30482b30;
T_4 ;
Ewait_1 .event/or E_0x558f30482ce0, E_0x0;
    %wait Ewait_1;
    %load/vec4 v0x558f30483420_0;
    %load/vec4 v0x558f30483ba0_0;
    %cmp/e;
    %jmp/0xz  T_4.0, 4;
    %pushi/vec4 1, 0, 1;
    %store/vec4 v0x558f304832a0_0, 0, 1;
    %jmp T_4.1;
T_4.0 ;
    %pushi/vec4 0, 0, 1;
    %store/vec4 v0x558f304832a0_0, 0, 1;
T_4.1 ;
    %load/vec4 v0x558f30483500_0;
    %load/vec4 v0x558f30483ba0_0;
    %cmp/e;
    %jmp/0xz  T_4.2, 4;
    %pushi/vec4 1, 0, 1;
    %store/vec4 v0x558f30483360_0, 0, 1;
    %jmp T_4.3;
T_4.2 ;
    %pushi/vec4 0, 0, 1;
    %store/vec4 v0x558f30483360_0, 0, 1;
T_4.3 ;
    %jmp T_4;
    .thread T_4, $push;
    .scope S_0x558f30483e40;
T_5 ;
    %wait E_0x558f303ef660;
    %load/vec4 v0x558f30484750_0;
    %flag_set/vec4 8;
    %jmp/0xz  T_5.0, 8;
    %pushi/vec4 0, 0, 32;
    %assign/vec4 v0x558f304847f0_0, 0;
    %jmp T_5.1;
T_5.0 ;
    %load/vec4 v0x558f304843b0_0;
    %assign/vec4 v0x558f304847f0_0, 0;
T_5.1 ;
    %jmp T_5;
    .thread T_5;
    .scope S_0x558f30483e40;
T_6 ;
Ewait_2 .event/or E_0x558f304840c0, E_0x0;
    %wait Ewait_2;
    %load/vec4 v0x558f304847f0_0;
    %store/vec4 v0x558f304843b0_0, 0, 32;
    %load/vec4 v0x558f30484670_0;
    %store/vec4 v0x558f304845b0_0, 0, 4;
    %pushi/vec4 0, 0, 1;
    %store/vec4 v0x558f30484510_0, 0, 1;
    %load/vec4 v0x558f304847f0_0;
    %dup/vec4;
    %pushi/vec4 0, 0, 32;
    %cmp/u;
    %jmp/1 T_6.0, 6;
    %dup/vec4;
    %pushi/vec4 1, 0, 32;
    %cmp/u;
    %jmp/1 T_6.1, 6;
    %dup/vec4;
    %pushi/vec4 2, 0, 32;
    %cmp/u;
    %jmp/1 T_6.2, 6;
    %jmp T_6.3;
T_6.0 ;
    %pushi/vec4 0, 0, 4;
    %store/vec4 v0x558f304845b0_0, 0, 4;
    %load/vec4 v0x558f30484450_0;
    %cmpi/e 2, 0, 2;
    %jmp/0xz  T_6.4, 4;
    %pushi/vec4 1, 0, 32;
    %store/vec4 v0x558f304843b0_0, 0, 32;
T_6.4 ;
    %jmp T_6.3;
T_6.1 ;
    %load/vec4 v0x558f30484150_0;
    %cmpi/e 1, 0, 1;
    %jmp/0xz  T_6.6, 4;
    %pushi/vec4 2, 0, 32;
    %store/vec4 v0x558f304843b0_0, 0, 32;
    %pushi/vec4 1, 0, 1;
    %store/vec4 v0x558f30484510_0, 0, 1;
T_6.6 ;
    %jmp T_6.3;
T_6.2 ;
    %pushi/vec4 1, 0, 1;
    %store/vec4 v0x558f30484510_0, 0, 1;
    %load/vec4 v0x558f30484450_0;
    %cmpi/e 3, 0, 2;
    %jmp/0xz  T_6.8, 4;
    %pushi/vec4 0, 0, 32;
    %store/vec4 v0x558f304843b0_0, 0, 32;
    %pushi/vec4 1, 0, 1;
    %store/vec4 v0x558f30484510_0, 0, 1;
    %pushi/vec4 0, 0, 4;
    %store/vec4 v0x558f304845b0_0, 0, 4;
T_6.8 ;
    %jmp T_6.3;
T_6.3 ;
    %pop/vec4 1;
    %jmp T_6;
    .thread T_6, $push;
    .scope S_0x558f304849d0;
T_7 ;
    %wait E_0x558f30484bc0;
    %pushi/vec4 0, 0, 4;
    %store/vec4 v0x558f30484ea0_0, 0, 4;
    %pushi/vec4 1, 0, 1;
    %load/vec4 v0x558f30484ce0_0;
    %parti/s 2, 0, 2;
    %ix/vec4 4;
    %store/vec4 v0x558f30484ea0_0, 4, 1;
    %jmp T_7;
    .thread T_7, $push;
    .scope S_0x558f304849d0;
T_8 ;
    %wait E_0x558f303ef890;
    %load/vec4 v0x558f30484f60_0;
    %flag_set/vec4 8;
    %jmp/0xz  T_8.0, 8;
    %pushi/vec4 0, 0, 4;
    %assign/vec4 v0x558f30484da0_0, 0;
    %jmp T_8.1;
T_8.0 ;
    %load/vec4 v0x558f30484ce0_0;
    %parti/s 2, 8, 5;
    %cmpi/e 2, 0, 2;
    %jmp/0xz  T_8.2, 4;
    %load/vec4 v0x558f30484ea0_0;
    %assign/vec4 v0x558f30484da0_0, 0;
T_8.2 ;
T_8.1 ;
    %jmp T_8;
    .thread T_8;
    .scope S_0x558f304889e0;
T_9 ;
    %wait E_0x558f30488c20;
    %load/vec4 v0x558f30488ca0_0;
    %parti/s 2, 8, 5;
    %cmpi/e 0, 0, 2;
    %jmp/0xz  T_9.0, 4;
    %pushi/vec4 0, 0, 1;
    %store/vec4 v0x558f30488d80_0, 0, 1;
    %jmp T_9.1;
T_9.0 ;
    %pushi/vec4 1, 0, 1;
    %store/vec4 v0x558f30488d80_0, 0, 1;
T_9.1 ;
    %jmp T_9;
    .thread T_9, $push;
    .scope S_0x558f30486230;
T_10 ;
Ewait_3 .event/or E_0x558f304865d0, E_0x0;
    %wait Ewait_3;
    %load/vec4 v0x558f30486aa0_0;
    %flag_set/vec4 8;
    %jmp/0xz  T_10.0, 8;
    %pushi/vec4 0, 0, 10;
    %store/vec4 v0x558f30486f80_0, 0, 10;
    %jmp T_10.1;
T_10.0 ;
    %load/vec4 v0x558f30487040_0;
    %store/vec4 v0x558f30486f80_0, 0, 10;
T_10.1 ;
    %jmp T_10;
    .thread T_10, $push;
    .scope S_0x558f30486230;
T_11 ;
    %wait E_0x558f303ef660;
    %load/vec4 v0x558f30487470_0;
    %flag_set/vec4 8;
    %jmp/0xz  T_11.0, 8;
    %load/vec4 v0x558f30486de0_0;
    %load/vec4 v0x558f30486c20_0;
    %pad/u 6;
    %ix/vec4 3;
    %ix/load 4, 0, 0; Constant delay
    %assign/vec4/a/d v0x558f30486ec0, 0, 4;
T_11.0 ;
    %jmp T_11;
    .thread T_11;
    .scope S_0x558f30486230;
T_12 ;
    %wait E_0x558f303ef660;
    %load/vec4 v0x558f304871e0_0;
    %flag_set/vec4 8;
    %jmp/0xz  T_12.0, 8;
    %pushi/vec4 0, 0, 4;
    %assign/vec4 v0x558f30486c20_0, 0;
    %pushi/vec4 0, 0, 4;
    %assign/vec4 v0x558f30487390_0, 0;
    %jmp T_12.1;
T_12.0 ;
    %load/vec4 v0x558f30487470_0;
    %flag_set/vec4 8;
    %jmp/0xz  T_12.2, 8;
    %load/vec4 v0x558f30486d00_0;
    %assign/vec4 v0x558f30486c20_0, 0;
T_12.2 ;
    %load/vec4 v0x558f30487120_0;
    %flag_set/vec4 8;
    %jmp/0xz  T_12.4, 8;
    %load/vec4 v0x558f30487390_0;
    %addi 1, 0, 4;
    %assign/vec4 v0x558f30487390_0, 0;
T_12.4 ;
T_12.1 ;
    %jmp T_12;
    .thread T_12;
    .scope S_0x558f30486230;
T_13 ;
Ewait_4 .event/or E_0x558f30486550, E_0x0;
    %wait Ewait_4;
    %load/vec4 v0x558f30486c20_0;
    %load/vec4 v0x558f30487390_0;
    %cmp/e;
    %jmp/0xz  T_13.0, 4;
    %pushi/vec4 1, 0, 1;
    %store/vec4 v0x558f30486aa0_0, 0, 1;
    %jmp T_13.1;
T_13.0 ;
    %pushi/vec4 0, 0, 1;
    %store/vec4 v0x558f30486aa0_0, 0, 1;
T_13.1 ;
    %load/vec4 v0x558f30486d00_0;
    %load/vec4 v0x558f30487390_0;
    %cmp/e;
    %jmp/0xz  T_13.2, 4;
    %pushi/vec4 1, 0, 1;
    %store/vec4 v0x558f30486b60_0, 0, 1;
    %jmp T_13.3;
T_13.2 ;
    %pushi/vec4 0, 0, 1;
    %store/vec4 v0x558f30486b60_0, 0, 1;
T_13.3 ;
    %jmp T_13;
    .thread T_13, $push;
    .scope S_0x558f30487740;
T_14 ;
    %wait E_0x558f303ef660;
    %load/vec4 v0x558f30488090_0;
    %flag_set/vec4 8;
    %jmp/0xz  T_14.0, 8;
    %pushi/vec4 0, 0, 32;
    %assign/vec4 v0x558f30488130_0, 0;
    %jmp T_14.1;
T_14.0 ;
    %load/vec4 v0x558f30487ca0_0;
    %assign/vec4 v0x558f30488130_0, 0;
T_14.1 ;
    %jmp T_14;
    .thread T_14;
    .scope S_0x558f30487740;
T_15 ;
Ewait_5 .event/or E_0x558f30487a10, E_0x0;
    %wait Ewait_5;
    %load/vec4 v0x558f30488130_0;
    %store/vec4 v0x558f30487ca0_0, 0, 32;
    %load/vec4 v0x558f30487fb0_0;
    %store/vec4 v0x558f30487ef0_0, 0, 4;
    %pushi/vec4 0, 0, 1;
    %store/vec4 v0x558f30487e50_0, 0, 1;
    %load/vec4 v0x558f30488130_0;
    %dup/vec4;
    %pushi/vec4 0, 0, 32;
    %cmp/u;
    %jmp/1 T_15.0, 6;
    %dup/vec4;
    %pushi/vec4 1, 0, 32;
    %cmp/u;
    %jmp/1 T_15.1, 6;
    %dup/vec4;
    %pushi/vec4 2, 0, 32;
    %cmp/u;
    %jmp/1 T_15.2, 6;
    %jmp T_15.3;
T_15.0 ;
    %pushi/vec4 0, 0, 4;
    %store/vec4 v0x558f30487ef0_0, 0, 4;
    %load/vec4 v0x558f30487d40_0;
    %cmpi/e 2, 0, 2;
    %jmp/0xz  T_15.4, 4;
    %pushi/vec4 1, 0, 32;
    %store/vec4 v0x558f30487ca0_0, 0, 32;
T_15.4 ;
    %jmp T_15.3;
T_15.1 ;
    %load/vec4 v0x558f30487aa0_0;
    %cmpi/e 1, 0, 1;
    %jmp/0xz  T_15.6, 4;
    %pushi/vec4 2, 0, 32;
    %store/vec4 v0x558f30487ca0_0, 0, 32;
    %pushi/vec4 1, 0, 1;
    %store/vec4 v0x558f30487e50_0, 0, 1;
T_15.6 ;
    %jmp T_15.3;
T_15.2 ;
    %pushi/vec4 1, 0, 1;
    %store/vec4 v0x558f30487e50_0, 0, 1;
    %load/vec4 v0x558f30487d40_0;
    %cmpi/e 3, 0, 2;
    %jmp/0xz  T_15.8, 4;
    %pushi/vec4 0, 0, 32;
    %store/vec4 v0x558f30487ca0_0, 0, 32;
    %pushi/vec4 1, 0, 1;
    %store/vec4 v0x558f30487e50_0, 0, 1;
    %pushi/vec4 0, 0, 4;
    %store/vec4 v0x558f30487ef0_0, 0, 4;
T_15.8 ;
    %jmp T_15.3;
T_15.3 ;
    %pop/vec4 1;
    %jmp T_15;
    .thread T_15, $push;
    .scope S_0x558f30488310;
T_16 ;
    %wait E_0x558f304884d0;
    %pushi/vec4 0, 0, 4;
    %store/vec4 v0x558f304887b0_0, 0, 4;
    %pushi/vec4 1, 0, 1;
    %load/vec4 v0x558f304885f0_0;
    %parti/s 2, 0, 2;
    %ix/vec4 4;
    %store/vec4 v0x558f304887b0_0, 4, 1;
    %jmp T_16;
    .thread T_16, $push;
    .scope S_0x558f30488310;
T_17 ;
    %wait E_0x558f303ef890;
    %load/vec4 v0x558f30488870_0;
    %flag_set/vec4 8;
    %jmp/0xz  T_17.0, 8;
    %pushi/vec4 0, 0, 4;
    %assign/vec4 v0x558f304886b0_0, 0;
    %jmp T_17.1;
T_17.0 ;
    %load/vec4 v0x558f304885f0_0;
    %parti/s 2, 8, 5;
    %cmpi/e 2, 0, 2;
    %jmp/0xz  T_17.2, 4;
    %load/vec4 v0x558f304887b0_0;
    %assign/vec4 v0x558f304886b0_0, 0;
T_17.2 ;
T_17.1 ;
    %jmp T_17;
    .thread T_17;
    .scope S_0x558f3048c230;
T_18 ;
    %wait E_0x558f3048c470;
    %load/vec4 v0x558f3048c4f0_0;
    %parti/s 2, 8, 5;
    %cmpi/e 0, 0, 2;
    %jmp/0xz  T_18.0, 4;
    %pushi/vec4 0, 0, 1;
    %store/vec4 v0x558f3048c5d0_0, 0, 1;
    %jmp T_18.1;
T_18.0 ;
    %pushi/vec4 1, 0, 1;
    %store/vec4 v0x558f3048c5d0_0, 0, 1;
T_18.1 ;
    %jmp T_18;
    .thread T_18, $push;
    .scope S_0x558f30489b00;
T_19 ;
Ewait_6 .event/or E_0x558f30489ea0, E_0x0;
    %wait Ewait_6;
    %load/vec4 v0x558f3048a370_0;
    %flag_set/vec4 8;
    %jmp/0xz  T_19.0, 8;
    %pushi/vec4 0, 0, 10;
    %store/vec4 v0x558f3048a8e0_0, 0, 10;
    %jmp T_19.1;
T_19.0 ;
    %load/vec4 v0x558f3048a9a0_0;
    %store/vec4 v0x558f3048a8e0_0, 0, 10;
T_19.1 ;
    %jmp T_19;
    .thread T_19, $push;
    .scope S_0x558f30489b00;
T_20 ;
    %wait E_0x558f303ef660;
    %load/vec4 v0x558f3048acc0_0;
    %flag_set/vec4 8;
    %jmp/0xz  T_20.0, 8;
    %load/vec4 v0x558f3048a740_0;
    %load/vec4 v0x558f3048a4f0_0;
    %pad/u 6;
    %ix/vec4 3;
    %ix/load 4, 0, 0; Constant delay
    %assign/vec4/a/d v0x558f3048a820, 0, 4;
T_20.0 ;
    %jmp T_20;
    .thread T_20;
    .scope S_0x558f30489b00;
T_21 ;
    %wait E_0x558f303ef660;
    %load/vec4 v0x558f3048ab40_0;
    %flag_set/vec4 8;
    %jmp/0xz  T_21.0, 8;
    %pushi/vec4 0, 0, 4;
    %assign/vec4 v0x558f3048a4f0_0, 0;
    %pushi/vec4 0, 0, 4;
    %assign/vec4 v0x558f3048abe0_0, 0;
    %jmp T_21.1;
T_21.0 ;
    %load/vec4 v0x558f3048acc0_0;
    %flag_set/vec4 8;
    %jmp/0xz  T_21.2, 8;
    %load/vec4 v0x558f3048a5d0_0;
    %assign/vec4 v0x558f3048a4f0_0, 0;
T_21.2 ;
    %load/vec4 v0x558f3048aa80_0;
    %flag_set/vec4 8;
    %jmp/0xz  T_21.4, 8;
    %load/vec4 v0x558f3048abe0_0;
    %addi 1, 0, 4;
    %assign/vec4 v0x558f3048abe0_0, 0;
T_21.4 ;
T_21.1 ;
    %jmp T_21;
    .thread T_21;
    .scope S_0x558f30489b00;
T_22 ;
Ewait_7 .event/or E_0x558f30489e20, E_0x0;
    %wait Ewait_7;
    %load/vec4 v0x558f3048a4f0_0;
    %load/vec4 v0x558f3048abe0_0;
    %cmp/e;
    %jmp/0xz  T_22.0, 4;
    %pushi/vec4 1, 0, 1;
    %store/vec4 v0x558f3048a370_0, 0, 1;
    %jmp T_22.1;
T_22.0 ;
    %pushi/vec4 0, 0, 1;
    %store/vec4 v0x558f3048a370_0, 0, 1;
T_22.1 ;
    %load/vec4 v0x558f3048a5d0_0;
    %load/vec4 v0x558f3048abe0_0;
    %cmp/e;
    %jmp/0xz  T_22.2, 4;
    %pushi/vec4 1, 0, 1;
    %store/vec4 v0x558f3048a430_0, 0, 1;
    %jmp T_22.3;
T_22.2 ;
    %pushi/vec4 0, 0, 1;
    %store/vec4 v0x558f3048a430_0, 0, 1;
T_22.3 ;
    %jmp T_22;
    .thread T_22, $push;
    .scope S_0x558f3048af90;
T_23 ;
    %wait E_0x558f303ef660;
    %load/vec4 v0x558f3048b8e0_0;
    %flag_set/vec4 8;
    %jmp/0xz  T_23.0, 8;
    %pushi/vec4 0, 0, 32;
    %assign/vec4 v0x558f3048b980_0, 0;
    %jmp T_23.1;
T_23.0 ;
    %load/vec4 v0x558f3048b4f0_0;
    %assign/vec4 v0x558f3048b980_0, 0;
T_23.1 ;
    %jmp T_23;
    .thread T_23;
    .scope S_0x558f3048af90;
T_24 ;
Ewait_8 .event/or E_0x558f3048b260, E_0x0;
    %wait Ewait_8;
    %load/vec4 v0x558f3048b980_0;
    %store/vec4 v0x558f3048b4f0_0, 0, 32;
    %load/vec4 v0x558f3048b800_0;
    %store/vec4 v0x558f3048b740_0, 0, 4;
    %pushi/vec4 0, 0, 1;
    %store/vec4 v0x558f3048b6a0_0, 0, 1;
    %load/vec4 v0x558f3048b980_0;
    %dup/vec4;
    %pushi/vec4 0, 0, 32;
    %cmp/u;
    %jmp/1 T_24.0, 6;
    %dup/vec4;
    %pushi/vec4 1, 0, 32;
    %cmp/u;
    %jmp/1 T_24.1, 6;
    %dup/vec4;
    %pushi/vec4 2, 0, 32;
    %cmp/u;
    %jmp/1 T_24.2, 6;
    %jmp T_24.3;
T_24.0 ;
    %pushi/vec4 0, 0, 4;
    %store/vec4 v0x558f3048b740_0, 0, 4;
    %load/vec4 v0x558f3048b590_0;
    %cmpi/e 2, 0, 2;
    %jmp/0xz  T_24.4, 4;
    %pushi/vec4 1, 0, 32;
    %store/vec4 v0x558f3048b4f0_0, 0, 32;
T_24.4 ;
    %jmp T_24.3;
T_24.1 ;
    %load/vec4 v0x558f3048b2f0_0;
    %cmpi/e 1, 0, 1;
    %jmp/0xz  T_24.6, 4;
    %pushi/vec4 2, 0, 32;
    %store/vec4 v0x558f3048b4f0_0, 0, 32;
    %pushi/vec4 1, 0, 1;
    %store/vec4 v0x558f3048b6a0_0, 0, 1;
T_24.6 ;
    %jmp T_24.3;
T_24.2 ;
    %pushi/vec4 1, 0, 1;
    %store/vec4 v0x558f3048b6a0_0, 0, 1;
    %load/vec4 v0x558f3048b590_0;
    %cmpi/e 3, 0, 2;
    %jmp/0xz  T_24.8, 4;
    %pushi/vec4 0, 0, 32;
    %store/vec4 v0x558f3048b4f0_0, 0, 32;
    %pushi/vec4 1, 0, 1;
    %store/vec4 v0x558f3048b6a0_0, 0, 1;
    %pushi/vec4 0, 0, 4;
    %store/vec4 v0x558f3048b740_0, 0, 4;
T_24.8 ;
    %jmp T_24.3;
T_24.3 ;
    %pop/vec4 1;
    %jmp T_24;
    .thread T_24, $push;
    .scope S_0x558f3048bb60;
T_25 ;
    %wait E_0x558f3048bd20;
    %pushi/vec4 0, 0, 4;
    %store/vec4 v0x558f3048c000_0, 0, 4;
    %pushi/vec4 1, 0, 1;
    %load/vec4 v0x558f3048be40_0;
    %parti/s 2, 0, 2;
    %ix/vec4 4;
    %store/vec4 v0x558f3048c000_0, 4, 1;
    %jmp T_25;
    .thread T_25, $push;
    .scope S_0x558f3048bb60;
T_26 ;
    %wait E_0x558f303ef890;
    %load/vec4 v0x558f3048c0c0_0;
    %flag_set/vec4 8;
    %jmp/0xz  T_26.0, 8;
    %pushi/vec4 0, 0, 4;
    %assign/vec4 v0x558f3048bf00_0, 0;
    %jmp T_26.1;
T_26.0 ;
    %load/vec4 v0x558f3048be40_0;
    %parti/s 2, 8, 5;
    %cmpi/e 2, 0, 2;
    %jmp/0xz  T_26.2, 4;
    %load/vec4 v0x558f3048c000_0;
    %assign/vec4 v0x558f3048bf00_0, 0;
T_26.2 ;
T_26.1 ;
    %jmp T_26;
    .thread T_26;
    .scope S_0x558f3048fc10;
T_27 ;
    %wait E_0x558f3048fe50;
    %load/vec4 v0x558f3048fed0_0;
    %parti/s 2, 8, 5;
    %cmpi/e 0, 0, 2;
    %jmp/0xz  T_27.0, 4;
    %pushi/vec4 0, 0, 1;
    %store/vec4 v0x558f3048ffb0_0, 0, 1;
    %jmp T_27.1;
T_27.0 ;
    %pushi/vec4 1, 0, 1;
    %store/vec4 v0x558f3048ffb0_0, 0, 1;
T_27.1 ;
    %jmp T_27;
    .thread T_27, $push;
    .scope S_0x558f3048d3e0;
T_28 ;
Ewait_9 .event/or E_0x558f3048d780, E_0x0;
    %wait Ewait_9;
    %load/vec4 v0x558f3048dc50_0;
    %flag_set/vec4 8;
    %jmp/0xz  T_28.0, 8;
    %pushi/vec4 0, 0, 10;
    %store/vec4 v0x558f3048e1c0_0, 0, 10;
    %jmp T_28.1;
T_28.0 ;
    %load/vec4 v0x558f3048e280_0;
    %store/vec4 v0x558f3048e1c0_0, 0, 10;
T_28.1 ;
    %jmp T_28;
    .thread T_28, $push;
    .scope S_0x558f3048d3e0;
T_29 ;
    %wait E_0x558f303ef660;
    %load/vec4 v0x558f3048e7b0_0;
    %flag_set/vec4 8;
    %jmp/0xz  T_29.0, 8;
    %load/vec4 v0x558f3048e020_0;
    %load/vec4 v0x558f3048ddd0_0;
    %pad/u 6;
    %ix/vec4 3;
    %ix/load 4, 0, 0; Constant delay
    %assign/vec4/a/d v0x558f3048e100, 0, 4;
T_29.0 ;
    %jmp T_29;
    .thread T_29;
    .scope S_0x558f3048d3e0;
T_30 ;
    %wait E_0x558f303ef660;
    %load/vec4 v0x558f3048e420_0;
    %flag_set/vec4 8;
    %jmp/0xz  T_30.0, 8;
    %pushi/vec4 0, 0, 4;
    %assign/vec4 v0x558f3048ddd0_0, 0;
    %pushi/vec4 0, 0, 4;
    %assign/vec4 v0x558f3048e6d0_0, 0;
    %jmp T_30.1;
T_30.0 ;
    %load/vec4 v0x558f3048e7b0_0;
    %flag_set/vec4 8;
    %jmp/0xz  T_30.2, 8;
    %load/vec4 v0x558f3048deb0_0;
    %assign/vec4 v0x558f3048ddd0_0, 0;
T_30.2 ;
    %load/vec4 v0x558f3048e360_0;
    %flag_set/vec4 8;
    %jmp/0xz  T_30.4, 8;
    %load/vec4 v0x558f3048e6d0_0;
    %addi 1, 0, 4;
    %assign/vec4 v0x558f3048e6d0_0, 0;
T_30.4 ;
T_30.1 ;
    %jmp T_30;
    .thread T_30;
    .scope S_0x558f3048d3e0;
T_31 ;
Ewait_10 .event/or E_0x558f3048d700, E_0x0;
    %wait Ewait_10;
    %load/vec4 v0x558f3048ddd0_0;
    %load/vec4 v0x558f3048e6d0_0;
    %cmp/e;
    %jmp/0xz  T_31.0, 4;
    %pushi/vec4 1, 0, 1;
    %store/vec4 v0x558f3048dc50_0, 0, 1;
    %jmp T_31.1;
T_31.0 ;
    %pushi/vec4 0, 0, 1;
    %store/vec4 v0x558f3048dc50_0, 0, 1;
T_31.1 ;
    %load/vec4 v0x558f3048deb0_0;
    %load/vec4 v0x558f3048e6d0_0;
    %cmp/e;
    %jmp/0xz  T_31.2, 4;
    %pushi/vec4 1, 0, 1;
    %store/vec4 v0x558f3048dd10_0, 0, 1;
    %jmp T_31.3;
T_31.2 ;
    %pushi/vec4 0, 0, 1;
    %store/vec4 v0x558f3048dd10_0, 0, 1;
T_31.3 ;
    %jmp T_31;
    .thread T_31, $push;
    .scope S_0x558f3048e970;
T_32 ;
    %wait E_0x558f303ef660;
    %load/vec4 v0x558f3048f2c0_0;
    %flag_set/vec4 8;
    %jmp/0xz  T_32.0, 8;
    %pushi/vec4 0, 0, 32;
    %assign/vec4 v0x558f3048f360_0, 0;
    %jmp T_32.1;
T_32.0 ;
    %load/vec4 v0x558f3048eed0_0;
    %assign/vec4 v0x558f3048f360_0, 0;
T_32.1 ;
    %jmp T_32;
    .thread T_32;
    .scope S_0x558f3048e970;
T_33 ;
Ewait_11 .event/or E_0x558f3048ec40, E_0x0;
    %wait Ewait_11;
    %load/vec4 v0x558f3048f360_0;
    %store/vec4 v0x558f3048eed0_0, 0, 32;
    %load/vec4 v0x558f3048f1e0_0;
    %store/vec4 v0x558f3048f120_0, 0, 4;
    %pushi/vec4 0, 0, 1;
    %store/vec4 v0x558f3048f080_0, 0, 1;
    %load/vec4 v0x558f3048f360_0;
    %dup/vec4;
    %pushi/vec4 0, 0, 32;
    %cmp/u;
    %jmp/1 T_33.0, 6;
    %dup/vec4;
    %pushi/vec4 1, 0, 32;
    %cmp/u;
    %jmp/1 T_33.1, 6;
    %dup/vec4;
    %pushi/vec4 2, 0, 32;
    %cmp/u;
    %jmp/1 T_33.2, 6;
    %jmp T_33.3;
T_33.0 ;
    %pushi/vec4 0, 0, 4;
    %store/vec4 v0x558f3048f120_0, 0, 4;
    %load/vec4 v0x558f3048ef70_0;
    %cmpi/e 2, 0, 2;
    %jmp/0xz  T_33.4, 4;
    %pushi/vec4 1, 0, 32;
    %store/vec4 v0x558f3048eed0_0, 0, 32;
T_33.4 ;
    %jmp T_33.3;
T_33.1 ;
    %load/vec4 v0x558f3048ecd0_0;
    %cmpi/e 1, 0, 1;
    %jmp/0xz  T_33.6, 4;
    %pushi/vec4 2, 0, 32;
    %store/vec4 v0x558f3048eed0_0, 0, 32;
    %pushi/vec4 1, 0, 1;
    %store/vec4 v0x558f3048f080_0, 0, 1;
T_33.6 ;
    %jmp T_33.3;
T_33.2 ;
    %pushi/vec4 1, 0, 1;
    %store/vec4 v0x558f3048f080_0, 0, 1;
    %load/vec4 v0x558f3048ef70_0;
    %cmpi/e 3, 0, 2;
    %jmp/0xz  T_33.8, 4;
    %pushi/vec4 0, 0, 32;
    %store/vec4 v0x558f3048eed0_0, 0, 32;
    %pushi/vec4 1, 0, 1;
    %store/vec4 v0x558f3048f080_0, 0, 1;
    %pushi/vec4 0, 0, 4;
    %store/vec4 v0x558f3048f120_0, 0, 4;
T_33.8 ;
    %jmp T_33.3;
T_33.3 ;
    %pop/vec4 1;
    %jmp T_33;
    .thread T_33, $push;
    .scope S_0x558f3048f540;
T_34 ;
    %wait E_0x558f3048f700;
    %pushi/vec4 0, 0, 4;
    %store/vec4 v0x558f3048f9e0_0, 0, 4;
    %pushi/vec4 1, 0, 1;
    %load/vec4 v0x558f3048f820_0;
    %parti/s 2, 0, 2;
    %ix/vec4 4;
    %store/vec4 v0x558f3048f9e0_0, 4, 1;
    %jmp T_34;
    .thread T_34, $push;
    .scope S_0x558f3048f540;
T_35 ;
    %wait E_0x558f303ef890;
    %load/vec4 v0x558f3048faa0_0;
    %flag_set/vec4 8;
    %jmp/0xz  T_35.0, 8;
    %pushi/vec4 0, 0, 4;
    %assign/vec4 v0x558f3048f8e0_0, 0;
    %jmp T_35.1;
T_35.0 ;
    %load/vec4 v0x558f3048f820_0;
    %parti/s 2, 8, 5;
    %cmpi/e 2, 0, 2;
    %jmp/0xz  T_35.2, 4;
    %load/vec4 v0x558f3048f9e0_0;
    %assign/vec4 v0x558f3048f8e0_0, 0;
T_35.2 ;
T_35.1 ;
    %jmp T_35;
    .thread T_35;
    .scope S_0x558f3047b350;
T_36 ;
    %wait E_0x558f303ef890;
    %load/vec4 v0x558f3047c160_0;
    %flag_set/vec4 8;
    %jmp/0xz  T_36.0, 8;
    %pushi/vec4 0, 0, 1;
    %assign/vec4 v0x558f3047be60_0, 0;
    %pushi/vec4 0, 0, 1;
    %assign/vec4 v0x558f3047bf20_0, 0;
    %pushi/vec4 0, 0, 1;
    %assign/vec4 v0x558f3047bfe0_0, 0;
    %pushi/vec4 0, 0, 1;
    %assign/vec4 v0x558f3047c0a0_0, 0;
    %jmp T_36.1;
T_36.0 ;
    %load/vec4 v0x558f3047bba0_0;
    %assign/vec4 v0x558f3047be60_0, 0;
    %load/vec4 v0x558f3047bc40_0;
    %assign/vec4 v0x558f3047bf20_0, 0;
    %load/vec4 v0x558f3047bce0_0;
    %assign/vec4 v0x558f3047bfe0_0, 0;
    %load/vec4 v0x558f3047bda0_0;
    %assign/vec4 v0x558f3047c0a0_0, 0;
T_36.1 ;
    %jmp T_36;
    .thread T_36;
    .scope S_0x558f3047b350;
T_37 ;
    %wait E_0x558f303ef890;
    %load/vec4 v0x558f3047c160_0;
    %flag_set/vec4 8;
    %jmp/0xz  T_37.0, 8;
    %pushi/vec4 0, 0, 2;
    %assign/vec4 v0x558f3047bb00_0, 0;
    %jmp T_37.1;
T_37.0 ;
    %load/vec4 v0x558f3047be60_0;
    %pushi/vec4 1, 0, 1;
    %cmp/e;
    %flag_get/vec4 4;
    %load/vec4 v0x558f3047bba0_0;
    %pushi/vec4 0, 0, 1;
    %cmp/e;
    %flag_get/vec4 4;
    %and;
    %flag_set/vec4 8;
    %load/vec4 v0x558f3047bf20_0;
    %pushi/vec4 1, 0, 1;
    %cmp/e;
    %flag_get/vec4 4;
    %load/vec4 v0x558f3047bc40_0;
    %pushi/vec4 0, 0, 1;
    %cmp/e;
    %flag_get/vec4 4;
    %and;
    %flag_set/vec4 9;
    %flag_or 9, 8;
    %load/vec4 v0x558f3047bfe0_0;
    %pushi/vec4 1, 0, 1;
    %cmp/e;
    %flag_get/vec4 4;
    %load/vec4 v0x558f3047bce0_0;
    %pushi/vec4 0, 0, 1;
    %cmp/e;
    %flag_get/vec4 4;
    %and;
    %flag_set/vec4 8;
    %flag_or 8, 9;
    %load/vec4 v0x558f3047c0a0_0;
    %pushi/vec4 1, 0, 1;
    %cmp/e;
    %flag_get/vec4 4;
    %load/vec4 v0x558f3047bda0_0;
    %pushi/vec4 0, 0, 1;
    %cmp/e;
    %flag_get/vec4 4;
    %and;
    %flag_set/vec4 9;
    %flag_or 9, 8;
    %jmp/0xz  T_37.2, 9;
    %load/vec4 v0x558f3047bb00_0;
    %addi 1, 0, 2;
    %assign/vec4 v0x558f3047bb00_0, 0;
T_37.2 ;
T_37.1 ;
    %jmp T_37;
    .thread T_37;
    .scope S_0x558f3047b350;
T_38 ;
    %wait E_0x558f303ef660;
    %pushi/vec4 0, 0, 1;
    %store/vec4 v0x558f3047b6e0_0, 0, 1;
    %pushi/vec4 0, 0, 1;
    %store/vec4 v0x558f3047b7a0_0, 0, 1;
    %pushi/vec4 0, 0, 1;
    %store/vec4 v0x558f3047b840_0, 0, 1;
    %pushi/vec4 0, 0, 1;
    %store/vec4 v0x558f3047b940_0, 0, 1;
    %load/vec4 v0x558f3047bb00_0;
    %dup/vec4;
    %pushi/vec4 0, 0, 2;
    %cmp/u;
    %jmp/1 T_38.0, 6;
    %dup/vec4;
    %pushi/vec4 1, 0, 2;
    %cmp/u;
    %jmp/1 T_38.1, 6;
    %dup/vec4;
    %pushi/vec4 2, 0, 2;
    %cmp/u;
    %jmp/1 T_38.2, 6;
    %dup/vec4;
    %pushi/vec4 3, 0, 2;
    %cmp/u;
    %jmp/1 T_38.3, 6;
    %jmp T_38.4;
T_38.0 ;
    %load/vec4 v0x558f3047bba0_0;
    %cmpi/e 1, 0, 1;
    %jmp/0xz  T_38.5, 4;
    %pushi/vec4 1, 0, 1;
    %store/vec4 v0x558f3047b6e0_0, 0, 1;
    %jmp T_38.6;
T_38.5 ;
    %load/vec4 v0x558f3047bc40_0;
    %cmpi/e 1, 0, 1;
    %jmp/0xz  T_38.7, 4;
    %pushi/vec4 1, 0, 1;
    %store/vec4 v0x558f3047b7a0_0, 0, 1;
    %jmp T_38.8;
T_38.7 ;
    %load/vec4 v0x558f3047bce0_0;
    %cmpi/e 1, 0, 1;
    %jmp/0xz  T_38.9, 4;
    %pushi/vec4 1, 0, 1;
    %store/vec4 v0x558f3047b840_0, 0, 1;
    %jmp T_38.10;
T_38.9 ;
    %load/vec4 v0x558f3047bda0_0;
    %cmpi/e 1, 0, 1;
    %jmp/0xz  T_38.11, 4;
    %pushi/vec4 1, 0, 1;
    %store/vec4 v0x558f3047b940_0, 0, 1;
T_38.11 ;
T_38.10 ;
T_38.8 ;
T_38.6 ;
    %jmp T_38.4;
T_38.1 ;
    %load/vec4 v0x558f3047bc40_0;
    %cmpi/e 1, 0, 1;
    %jmp/0xz  T_38.13, 4;
    %pushi/vec4 1, 0, 1;
    %store/vec4 v0x558f3047b7a0_0, 0, 1;
    %jmp T_38.14;
T_38.13 ;
    %load/vec4 v0x558f3047bce0_0;
    %cmpi/e 1, 0, 1;
    %jmp/0xz  T_38.15, 4;
    %pushi/vec4 1, 0, 1;
    %store/vec4 v0x558f3047b840_0, 0, 1;
    %jmp T_38.16;
T_38.15 ;
    %load/vec4 v0x558f3047bda0_0;
    %cmpi/e 1, 0, 1;
    %jmp/0xz  T_38.17, 4;
    %pushi/vec4 1, 0, 1;
    %store/vec4 v0x558f3047b940_0, 0, 1;
    %jmp T_38.18;
T_38.17 ;
    %load/vec4 v0x558f3047bba0_0;
    %cmpi/e 1, 0, 1;
    %jmp/0xz  T_38.19, 4;
    %pushi/vec4 1, 0, 1;
    %store/vec4 v0x558f3047b6e0_0, 0, 1;
T_38.19 ;
T_38.18 ;
T_38.16 ;
T_38.14 ;
    %jmp T_38.4;
T_38.2 ;
    %load/vec4 v0x558f3047bce0_0;
    %cmpi/e 1, 0, 1;
    %jmp/0xz  T_38.21, 4;
    %pushi/vec4 1, 0, 1;
    %store/vec4 v0x558f3047b840_0, 0, 1;
    %jmp T_38.22;
T_38.21 ;
    %load/vec4 v0x558f3047bda0_0;
    %cmpi/e 1, 0, 1;
    %jmp/0xz  T_38.23, 4;
    %pushi/vec4 1, 0, 1;
    %store/vec4 v0x558f3047b940_0, 0, 1;
    %jmp T_38.24;
T_38.23 ;
    %load/vec4 v0x558f3047bba0_0;
    %cmpi/e 1, 0, 1;
    %jmp/0xz  T_38.25, 4;
    %pushi/vec4 1, 0, 1;
    %store/vec4 v0x558f3047b6e0_0, 0, 1;
    %jmp T_38.26;
T_38.25 ;
    %load/vec4 v0x558f3047bc40_0;
    %cmpi/e 1, 0, 1;
    %jmp/0xz  T_38.27, 4;
    %pushi/vec4 1, 0, 1;
    %store/vec4 v0x558f3047b7a0_0, 0, 1;
T_38.27 ;
T_38.26 ;
T_38.24 ;
T_38.22 ;
    %jmp T_38.4;
T_38.3 ;
    %load/vec4 v0x558f3047bda0_0;
    %cmpi/e 1, 0, 1;
    %jmp/0xz  T_38.29, 4;
    %pushi/vec4 1, 0, 1;
    %store/vec4 v0x558f3047b940_0, 0, 1;
    %jmp T_38.30;
T_38.29 ;
    %load/vec4 v0x558f3047bba0_0;
    %cmpi/e 1, 0, 1;
    %jmp/0xz  T_38.31, 4;
    %pushi/vec4 1, 0, 1;
    %store/vec4 v0x558f3047b6e0_0, 0, 1;
    %jmp T_38.32;
T_38.31 ;
    %load/vec4 v0x558f3047bc40_0;
    %cmpi/e 1, 0, 1;
    %jmp/0xz  T_38.33, 4;
    %pushi/vec4 1, 0, 1;
    %store/vec4 v0x558f3047b7a0_0, 0, 1;
    %jmp T_38.34;
T_38.33 ;
    %load/vec4 v0x558f3047bce0_0;
    %cmpi/e 1, 0, 1;
    %jmp/0xz  T_38.35, 4;
    %pushi/vec4 1, 0, 1;
    %store/vec4 v0x558f3047b840_0, 0, 1;
T_38.35 ;
T_38.34 ;
T_38.32 ;
T_38.30 ;
    %jmp T_38.4;
T_38.4 ;
    %pop/vec4 1;
    %jmp T_38;
    .thread T_38;
    .scope S_0x558f3047c3c0;
T_39 ;
    %wait E_0x558f303ef890;
    %load/vec4 v0x558f3047d0c0_0;
    %flag_set/vec4 8;
    %jmp/0xz  T_39.0, 8;
    %pushi/vec4 0, 0, 1;
    %assign/vec4 v0x558f3047cdc0_0, 0;
    %pushi/vec4 0, 0, 1;
    %assign/vec4 v0x558f3047ce80_0, 0;
    %pushi/vec4 0, 0, 1;
    %assign/vec4 v0x558f3047cf40_0, 0;
    %pushi/vec4 0, 0, 1;
    %assign/vec4 v0x558f3047d000_0, 0;
    %jmp T_39.1;
T_39.0 ;
    %load/vec4 v0x558f3047cb40_0;
    %assign/vec4 v0x558f3047cdc0_0, 0;
    %load/vec4 v0x558f3047cbe0_0;
    %assign/vec4 v0x558f3047ce80_0, 0;
    %load/vec4 v0x558f3047cc80_0;
    %assign/vec4 v0x558f3047cf40_0, 0;
    %load/vec4 v0x558f3047cd20_0;
    %assign/vec4 v0x558f3047d000_0, 0;
T_39.1 ;
    %jmp T_39;
    .thread T_39;
    .scope S_0x558f3047c3c0;
T_40 ;
    %wait E_0x558f303ef890;
    %load/vec4 v0x558f3047d0c0_0;
    %flag_set/vec4 8;
    %jmp/0xz  T_40.0, 8;
    %pushi/vec4 0, 0, 2;
    %assign/vec4 v0x558f3047caa0_0, 0;
    %jmp T_40.1;
T_40.0 ;
    %load/vec4 v0x558f3047cdc0_0;
    %pushi/vec4 1, 0, 1;
    %cmp/e;
    %flag_get/vec4 4;
    %load/vec4 v0x558f3047cb40_0;
    %pushi/vec4 0, 0, 1;
    %cmp/e;
    %flag_get/vec4 4;
    %and;
    %flag_set/vec4 8;
    %load/vec4 v0x558f3047ce80_0;
    %pushi/vec4 1, 0, 1;
    %cmp/e;
    %flag_get/vec4 4;
    %load/vec4 v0x558f3047cbe0_0;
    %pushi/vec4 0, 0, 1;
    %cmp/e;
    %flag_get/vec4 4;
    %and;
    %flag_set/vec4 9;
    %flag_or 9, 8;
    %load/vec4 v0x558f3047cf40_0;
    %pushi/vec4 1, 0, 1;
    %cmp/e;
    %flag_get/vec4 4;
    %load/vec4 v0x558f3047cc80_0;
    %pushi/vec4 0, 0, 1;
    %cmp/e;
    %flag_get/vec4 4;
    %and;
    %flag_set/vec4 8;
    %flag_or 8, 9;
    %load/vec4 v0x558f3047d000_0;
    %pushi/vec4 1, 0, 1;
    %cmp/e;
    %flag_get/vec4 4;
    %load/vec4 v0x558f3047cd20_0;
    %pushi/vec4 0, 0, 1;
    %cmp/e;
    %flag_get/vec4 4;
    %and;
    %flag_set/vec4 9;
    %flag_or 9, 8;
    %jmp/0xz  T_40.2, 9;
    %load/vec4 v0x558f3047caa0_0;
    %addi 1, 0, 2;
    %assign/vec4 v0x558f3047caa0_0, 0;
T_40.2 ;
T_40.1 ;
    %jmp T_40;
    .thread T_40;
    .scope S_0x558f3047c3c0;
T_41 ;
    %wait E_0x558f303ef660;
    %pushi/vec4 0, 0, 1;
    %store/vec4 v0x558f3047c650_0, 0, 1;
    %pushi/vec4 0, 0, 1;
    %store/vec4 v0x558f3047c710_0, 0, 1;
    %pushi/vec4 0, 0, 1;
    %store/vec4 v0x558f3047c7e0_0, 0, 1;
    %pushi/vec4 0, 0, 1;
    %store/vec4 v0x558f3047c8e0_0, 0, 1;
    %load/vec4 v0x558f3047caa0_0;
    %dup/vec4;
    %pushi/vec4 0, 0, 2;
    %cmp/u;
    %jmp/1 T_41.0, 6;
    %dup/vec4;
    %pushi/vec4 1, 0, 2;
    %cmp/u;
    %jmp/1 T_41.1, 6;
    %dup/vec4;
    %pushi/vec4 2, 0, 2;
    %cmp/u;
    %jmp/1 T_41.2, 6;
    %dup/vec4;
    %pushi/vec4 3, 0, 2;
    %cmp/u;
    %jmp/1 T_41.3, 6;
    %jmp T_41.4;
T_41.0 ;
    %load/vec4 v0x558f3047cb40_0;
    %cmpi/e 1, 0, 1;
    %jmp/0xz  T_41.5, 4;
    %pushi/vec4 1, 0, 1;
    %store/vec4 v0x558f3047c650_0, 0, 1;
    %jmp T_41.6;
T_41.5 ;
    %load/vec4 v0x558f3047cbe0_0;
    %cmpi/e 1, 0, 1;
    %jmp/0xz  T_41.7, 4;
    %pushi/vec4 1, 0, 1;
    %store/vec4 v0x558f3047c710_0, 0, 1;
    %jmp T_41.8;
T_41.7 ;
    %load/vec4 v0x558f3047cc80_0;
    %cmpi/e 1, 0, 1;
    %jmp/0xz  T_41.9, 4;
    %pushi/vec4 1, 0, 1;
    %store/vec4 v0x558f3047c7e0_0, 0, 1;
    %jmp T_41.10;
T_41.9 ;
    %load/vec4 v0x558f3047cd20_0;
    %cmpi/e 1, 0, 1;
    %jmp/0xz  T_41.11, 4;
    %pushi/vec4 1, 0, 1;
    %store/vec4 v0x558f3047c8e0_0, 0, 1;
T_41.11 ;
T_41.10 ;
T_41.8 ;
T_41.6 ;
    %jmp T_41.4;
T_41.1 ;
    %load/vec4 v0x558f3047cbe0_0;
    %cmpi/e 1, 0, 1;
    %jmp/0xz  T_41.13, 4;
    %pushi/vec4 1, 0, 1;
    %store/vec4 v0x558f3047c710_0, 0, 1;
    %jmp T_41.14;
T_41.13 ;
    %load/vec4 v0x558f3047cc80_0;
    %cmpi/e 1, 0, 1;
    %jmp/0xz  T_41.15, 4;
    %pushi/vec4 1, 0, 1;
    %store/vec4 v0x558f3047c7e0_0, 0, 1;
    %jmp T_41.16;
T_41.15 ;
    %load/vec4 v0x558f3047cd20_0;
    %cmpi/e 1, 0, 1;
    %jmp/0xz  T_41.17, 4;
    %pushi/vec4 1, 0, 1;
    %store/vec4 v0x558f3047c8e0_0, 0, 1;
    %jmp T_41.18;
T_41.17 ;
    %load/vec4 v0x558f3047cb40_0;
    %cmpi/e 1, 0, 1;
    %jmp/0xz  T_41.19, 4;
    %pushi/vec4 1, 0, 1;
    %store/vec4 v0x558f3047c650_0, 0, 1;
T_41.19 ;
T_41.18 ;
T_41.16 ;
T_41.14 ;
    %jmp T_41.4;
T_41.2 ;
    %load/vec4 v0x558f3047cc80_0;
    %cmpi/e 1, 0, 1;
    %jmp/0xz  T_41.21, 4;
    %pushi/vec4 1, 0, 1;
    %store/vec4 v0x558f3047c7e0_0, 0, 1;
    %jmp T_41.22;
T_41.21 ;
    %load/vec4 v0x558f3047cd20_0;
    %cmpi/e 1, 0, 1;
    %jmp/0xz  T_41.23, 4;
    %pushi/vec4 1, 0, 1;
    %store/vec4 v0x558f3047c8e0_0, 0, 1;
    %jmp T_41.24;
T_41.23 ;
    %load/vec4 v0x558f3047cb40_0;
    %cmpi/e 1, 0, 1;
    %jmp/0xz  T_41.25, 4;
    %pushi/vec4 1, 0, 1;
    %store/vec4 v0x558f3047c650_0, 0, 1;
    %jmp T_41.26;
T_41.25 ;
    %load/vec4 v0x558f3047cbe0_0;
    %cmpi/e 1, 0, 1;
    %jmp/0xz  T_41.27, 4;
    %pushi/vec4 1, 0, 1;
    %store/vec4 v0x558f3047c710_0, 0, 1;
T_41.27 ;
T_41.26 ;
T_41.24 ;
T_41.22 ;
    %jmp T_41.4;
T_41.3 ;
    %load/vec4 v0x558f3047cd20_0;
    %cmpi/e 1, 0, 1;
    %jmp/0xz  T_41.29, 4;
    %pushi/vec4 1, 0, 1;
    %store/vec4 v0x558f3047c8e0_0, 0, 1;
    %jmp T_41.30;
T_41.29 ;
    %load/vec4 v0x558f3047cb40_0;
    %cmpi/e 1, 0, 1;
    %jmp/0xz  T_41.31, 4;
    %pushi/vec4 1, 0, 1;
    %store/vec4 v0x558f3047c650_0, 0, 1;
    %jmp T_41.32;
T_41.31 ;
    %load/vec4 v0x558f3047cbe0_0;
    %cmpi/e 1, 0, 1;
    %jmp/0xz  T_41.33, 4;
    %pushi/vec4 1, 0, 1;
    %store/vec4 v0x558f3047c710_0, 0, 1;
    %jmp T_41.34;
T_41.33 ;
    %load/vec4 v0x558f3047cc80_0;
    %cmpi/e 1, 0, 1;
    %jmp/0xz  T_41.35, 4;
    %pushi/vec4 1, 0, 1;
    %store/vec4 v0x558f3047c7e0_0, 0, 1;
T_41.35 ;
T_41.34 ;
T_41.32 ;
T_41.30 ;
    %jmp T_41.4;
T_41.4 ;
    %pop/vec4 1;
    %jmp T_41;
    .thread T_41;
    .scope S_0x558f3047d310;
T_42 ;
    %wait E_0x558f303ef890;
    %load/vec4 v0x558f3047e0b0_0;
    %flag_set/vec4 8;
    %jmp/0xz  T_42.0, 8;
    %pushi/vec4 0, 0, 1;
    %assign/vec4 v0x558f3047ddb0_0, 0;
    %pushi/vec4 0, 0, 1;
    %assign/vec4 v0x558f3047de70_0, 0;
    %pushi/vec4 0, 0, 1;
    %assign/vec4 v0x558f3047df30_0, 0;
    %pushi/vec4 0, 0, 1;
    %assign/vec4 v0x558f3047dff0_0, 0;
    %jmp T_42.1;
T_42.0 ;
    %load/vec4 v0x558f3047db10_0;
    %assign/vec4 v0x558f3047ddb0_0, 0;
    %load/vec4 v0x558f3047dbb0_0;
    %assign/vec4 v0x558f3047de70_0, 0;
    %load/vec4 v0x558f3047dc50_0;
    %assign/vec4 v0x558f3047df30_0, 0;
    %load/vec4 v0x558f3047dcf0_0;
    %assign/vec4 v0x558f3047dff0_0, 0;
T_42.1 ;
    %jmp T_42;
    .thread T_42;
    .scope S_0x558f3047d310;
T_43 ;
    %wait E_0x558f303ef890;
    %load/vec4 v0x558f3047e0b0_0;
    %flag_set/vec4 8;
    %jmp/0xz  T_43.0, 8;
    %pushi/vec4 0, 0, 2;
    %assign/vec4 v0x558f3047da70_0, 0;
    %jmp T_43.1;
T_43.0 ;
    %load/vec4 v0x558f3047ddb0_0;
    %pushi/vec4 1, 0, 1;
    %cmp/e;
    %flag_get/vec4 4;
    %load/vec4 v0x558f3047db10_0;
    %pushi/vec4 0, 0, 1;
    %cmp/e;
    %flag_get/vec4 4;
    %and;
    %flag_set/vec4 8;
    %load/vec4 v0x558f3047de70_0;
    %pushi/vec4 1, 0, 1;
    %cmp/e;
    %flag_get/vec4 4;
    %load/vec4 v0x558f3047dbb0_0;
    %pushi/vec4 0, 0, 1;
    %cmp/e;
    %flag_get/vec4 4;
    %and;
    %flag_set/vec4 9;
    %flag_or 9, 8;
    %load/vec4 v0x558f3047df30_0;
    %pushi/vec4 1, 0, 1;
    %cmp/e;
    %flag_get/vec4 4;
    %load/vec4 v0x558f3047dc50_0;
    %pushi/vec4 0, 0, 1;
    %cmp/e;
    %flag_get/vec4 4;
    %and;
    %flag_set/vec4 8;
    %flag_or 8, 9;
    %load/vec4 v0x558f3047dff0_0;
    %pushi/vec4 1, 0, 1;
    %cmp/e;
    %flag_get/vec4 4;
    %load/vec4 v0x558f3047dcf0_0;
    %pushi/vec4 0, 0, 1;
    %cmp/e;
    %flag_get/vec4 4;
    %and;
    %flag_set/vec4 9;
    %flag_or 9, 8;
    %jmp/0xz  T_43.2, 9;
    %load/vec4 v0x558f3047da70_0;
    %addi 1, 0, 2;
    %assign/vec4 v0x558f3047da70_0, 0;
T_43.2 ;
T_43.1 ;
    %jmp T_43;
    .thread T_43;
    .scope S_0x558f3047d310;
T_44 ;
    %wait E_0x558f303ef660;
    %pushi/vec4 0, 0, 1;
    %store/vec4 v0x558f3047d5a0_0, 0, 1;
    %pushi/vec4 0, 0, 1;
    %store/vec4 v0x558f3047d690_0, 0, 1;
    %pushi/vec4 0, 0, 1;
    %store/vec4 v0x558f3047d760_0, 0, 1;
    %pushi/vec4 0, 0, 1;
    %store/vec4 v0x558f3047d860_0, 0, 1;
    %load/vec4 v0x558f3047da70_0;
    %dup/vec4;
    %pushi/vec4 0, 0, 2;
    %cmp/u;
    %jmp/1 T_44.0, 6;
    %dup/vec4;
    %pushi/vec4 1, 0, 2;
    %cmp/u;
    %jmp/1 T_44.1, 6;
    %dup/vec4;
    %pushi/vec4 2, 0, 2;
    %cmp/u;
    %jmp/1 T_44.2, 6;
    %dup/vec4;
    %pushi/vec4 3, 0, 2;
    %cmp/u;
    %jmp/1 T_44.3, 6;
    %jmp T_44.4;
T_44.0 ;
    %load/vec4 v0x558f3047db10_0;
    %cmpi/e 1, 0, 1;
    %jmp/0xz  T_44.5, 4;
    %pushi/vec4 1, 0, 1;
    %store/vec4 v0x558f3047d5a0_0, 0, 1;
    %jmp T_44.6;
T_44.5 ;
    %load/vec4 v0x558f3047dbb0_0;
    %cmpi/e 1, 0, 1;
    %jmp/0xz  T_44.7, 4;
    %pushi/vec4 1, 0, 1;
    %store/vec4 v0x558f3047d690_0, 0, 1;
    %jmp T_44.8;
T_44.7 ;
    %load/vec4 v0x558f3047dc50_0;
    %cmpi/e 1, 0, 1;
    %jmp/0xz  T_44.9, 4;
    %pushi/vec4 1, 0, 1;
    %store/vec4 v0x558f3047d760_0, 0, 1;
    %jmp T_44.10;
T_44.9 ;
    %load/vec4 v0x558f3047dcf0_0;
    %cmpi/e 1, 0, 1;
    %jmp/0xz  T_44.11, 4;
    %pushi/vec4 1, 0, 1;
    %store/vec4 v0x558f3047d860_0, 0, 1;
T_44.11 ;
T_44.10 ;
T_44.8 ;
T_44.6 ;
    %jmp T_44.4;
T_44.1 ;
    %load/vec4 v0x558f3047dbb0_0;
    %cmpi/e 1, 0, 1;
    %jmp/0xz  T_44.13, 4;
    %pushi/vec4 1, 0, 1;
    %store/vec4 v0x558f3047d690_0, 0, 1;
    %jmp T_44.14;
T_44.13 ;
    %load/vec4 v0x558f3047dc50_0;
    %cmpi/e 1, 0, 1;
    %jmp/0xz  T_44.15, 4;
    %pushi/vec4 1, 0, 1;
    %store/vec4 v0x558f3047d760_0, 0, 1;
    %jmp T_44.16;
T_44.15 ;
    %load/vec4 v0x558f3047dcf0_0;
    %cmpi/e 1, 0, 1;
    %jmp/0xz  T_44.17, 4;
    %pushi/vec4 1, 0, 1;
    %store/vec4 v0x558f3047d860_0, 0, 1;
    %jmp T_44.18;
T_44.17 ;
    %load/vec4 v0x558f3047db10_0;
    %cmpi/e 1, 0, 1;
    %jmp/0xz  T_44.19, 4;
    %pushi/vec4 1, 0, 1;
    %store/vec4 v0x558f3047d5a0_0, 0, 1;
T_44.19 ;
T_44.18 ;
T_44.16 ;
T_44.14 ;
    %jmp T_44.4;
T_44.2 ;
    %load/vec4 v0x558f3047dc50_0;
    %cmpi/e 1, 0, 1;
    %jmp/0xz  T_44.21, 4;
    %pushi/vec4 1, 0, 1;
    %store/vec4 v0x558f3047d760_0, 0, 1;
    %jmp T_44.22;
T_44.21 ;
    %load/vec4 v0x558f3047dcf0_0;
    %cmpi/e 1, 0, 1;
    %jmp/0xz  T_44.23, 4;
    %pushi/vec4 1, 0, 1;
    %store/vec4 v0x558f3047d860_0, 0, 1;
    %jmp T_44.24;
T_44.23 ;
    %load/vec4 v0x558f3047db10_0;
    %cmpi/e 1, 0, 1;
    %jmp/0xz  T_44.25, 4;
    %pushi/vec4 1, 0, 1;
    %store/vec4 v0x558f3047d5a0_0, 0, 1;
    %jmp T_44.26;
T_44.25 ;
    %load/vec4 v0x558f3047dbb0_0;
    %cmpi/e 1, 0, 1;
    %jmp/0xz  T_44.27, 4;
    %pushi/vec4 1, 0, 1;
    %store/vec4 v0x558f3047d690_0, 0, 1;
T_44.27 ;
T_44.26 ;
T_44.24 ;
T_44.22 ;
    %jmp T_44.4;
T_44.3 ;
    %load/vec4 v0x558f3047dcf0_0;
    %cmpi/e 1, 0, 1;
    %jmp/0xz  T_44.29, 4;
    %pushi/vec4 1, 0, 1;
    %store/vec4 v0x558f3047d860_0, 0, 1;
    %jmp T_44.30;
T_44.29 ;
    %load/vec4 v0x558f3047db10_0;
    %cmpi/e 1, 0, 1;
    %jmp/0xz  T_44.31, 4;
    %pushi/vec4 1, 0, 1;
    %store/vec4 v0x558f3047d5a0_0, 0, 1;
    %jmp T_44.32;
T_44.31 ;
    %load/vec4 v0x558f3047dbb0_0;
    %cmpi/e 1, 0, 1;
    %jmp/0xz  T_44.33, 4;
    %pushi/vec4 1, 0, 1;
    %store/vec4 v0x558f3047d690_0, 0, 1;
    %jmp T_44.34;
T_44.33 ;
    %load/vec4 v0x558f3047dc50_0;
    %cmpi/e 1, 0, 1;
    %jmp/0xz  T_44.35, 4;
    %pushi/vec4 1, 0, 1;
    %store/vec4 v0x558f3047d760_0, 0, 1;
T_44.35 ;
T_44.34 ;
T_44.32 ;
T_44.30 ;
    %jmp T_44.4;
T_44.4 ;
    %pop/vec4 1;
    %jmp T_44;
    .thread T_44;
    .scope S_0x558f3047e2f0;
T_45 ;
    %wait E_0x558f303ef890;
    %load/vec4 v0x558f3047f090_0;
    %flag_set/vec4 8;
    %jmp/0xz  T_45.0, 8;
    %pushi/vec4 0, 0, 1;
    %assign/vec4 v0x558f3047ed90_0, 0;
    %pushi/vec4 0, 0, 1;
    %assign/vec4 v0x558f3047ee50_0, 0;
    %pushi/vec4 0, 0, 1;
    %assign/vec4 v0x558f3047ef10_0, 0;
    %pushi/vec4 0, 0, 1;
    %assign/vec4 v0x558f3047efd0_0, 0;
    %jmp T_45.1;
T_45.0 ;
    %load/vec4 v0x558f3047ea60_0;
    %assign/vec4 v0x558f3047ed90_0, 0;
    %load/vec4 v0x558f3047eb00_0;
    %assign/vec4 v0x558f3047ee50_0, 0;
    %load/vec4 v0x558f3047eba0_0;
    %assign/vec4 v0x558f3047ef10_0, 0;
    %load/vec4 v0x558f3047ecd0_0;
    %assign/vec4 v0x558f3047efd0_0, 0;
T_45.1 ;
    %jmp T_45;
    .thread T_45;
    .scope S_0x558f3047e2f0;
T_46 ;
    %wait E_0x558f303ef890;
    %load/vec4 v0x558f3047f090_0;
    %flag_set/vec4 8;
    %jmp/0xz  T_46.0, 8;
    %pushi/vec4 0, 0, 2;
    %assign/vec4 v0x558f3047e9c0_0, 0;
    %jmp T_46.1;
T_46.0 ;
    %load/vec4 v0x558f3047ed90_0;
    %pushi/vec4 1, 0, 1;
    %cmp/e;
    %flag_get/vec4 4;
    %load/vec4 v0x558f3047ea60_0;
    %pushi/vec4 0, 0, 1;
    %cmp/e;
    %flag_get/vec4 4;
    %and;
    %flag_set/vec4 8;
    %load/vec4 v0x558f3047ee50_0;
    %pushi/vec4 1, 0, 1;
    %cmp/e;
    %flag_get/vec4 4;
    %load/vec4 v0x558f3047eb00_0;
    %pushi/vec4 0, 0, 1;
    %cmp/e;
    %flag_get/vec4 4;
    %and;
    %flag_set/vec4 9;
    %flag_or 9, 8;
    %load/vec4 v0x558f3047ef10_0;
    %pushi/vec4 1, 0, 1;
    %cmp/e;
    %flag_get/vec4 4;
    %load/vec4 v0x558f3047eba0_0;
    %pushi/vec4 0, 0, 1;
    %cmp/e;
    %flag_get/vec4 4;
    %and;
    %flag_set/vec4 8;
    %flag_or 8, 9;
    %load/vec4 v0x558f3047efd0_0;
    %pushi/vec4 1, 0, 1;
    %cmp/e;
    %flag_get/vec4 4;
    %load/vec4 v0x558f3047ecd0_0;
    %pushi/vec4 0, 0, 1;
    %cmp/e;
    %flag_get/vec4 4;
    %and;
    %flag_set/vec4 9;
    %flag_or 9, 8;
    %jmp/0xz  T_46.2, 9;
    %load/vec4 v0x558f3047e9c0_0;
    %addi 1, 0, 2;
    %assign/vec4 v0x558f3047e9c0_0, 0;
T_46.2 ;
T_46.1 ;
    %jmp T_46;
    .thread T_46;
    .scope S_0x558f3047e2f0;
T_47 ;
    %wait E_0x558f303ef660;
    %pushi/vec4 0, 0, 1;
    %store/vec4 v0x558f3047e5d0_0, 0, 1;
    %pushi/vec4 0, 0, 1;
    %store/vec4 v0x558f3047e690_0, 0, 1;
    %pushi/vec4 0, 0, 1;
    %store/vec4 v0x558f3047e730_0, 0, 1;
    %pushi/vec4 0, 0, 1;
    %store/vec4 v0x558f3047e800_0, 0, 1;
    %load/vec4 v0x558f3047e9c0_0;
    %dup/vec4;
    %pushi/vec4 0, 0, 2;
    %cmp/u;
    %jmp/1 T_47.0, 6;
    %dup/vec4;
    %pushi/vec4 1, 0, 2;
    %cmp/u;
    %jmp/1 T_47.1, 6;
    %dup/vec4;
    %pushi/vec4 2, 0, 2;
    %cmp/u;
    %jmp/1 T_47.2, 6;
    %dup/vec4;
    %pushi/vec4 3, 0, 2;
    %cmp/u;
    %jmp/1 T_47.3, 6;
    %jmp T_47.4;
T_47.0 ;
    %load/vec4 v0x558f3047ea60_0;
    %cmpi/e 1, 0, 1;
    %jmp/0xz  T_47.5, 4;
    %pushi/vec4 1, 0, 1;
    %store/vec4 v0x558f3047e5d0_0, 0, 1;
    %jmp T_47.6;
T_47.5 ;
    %load/vec4 v0x558f3047eb00_0;
    %cmpi/e 1, 0, 1;
    %jmp/0xz  T_47.7, 4;
    %pushi/vec4 1, 0, 1;
    %store/vec4 v0x558f3047e690_0, 0, 1;
    %jmp T_47.8;
T_47.7 ;
    %load/vec4 v0x558f3047eba0_0;
    %cmpi/e 1, 0, 1;
    %jmp/0xz  T_47.9, 4;
    %pushi/vec4 1, 0, 1;
    %store/vec4 v0x558f3047e730_0, 0, 1;
    %jmp T_47.10;
T_47.9 ;
    %load/vec4 v0x558f3047ecd0_0;
    %cmpi/e 1, 0, 1;
    %jmp/0xz  T_47.11, 4;
    %pushi/vec4 1, 0, 1;
    %store/vec4 v0x558f3047e800_0, 0, 1;
T_47.11 ;
T_47.10 ;
T_47.8 ;
T_47.6 ;
    %jmp T_47.4;
T_47.1 ;
    %load/vec4 v0x558f3047eb00_0;
    %cmpi/e 1, 0, 1;
    %jmp/0xz  T_47.13, 4;
    %pushi/vec4 1, 0, 1;
    %store/vec4 v0x558f3047e690_0, 0, 1;
    %jmp T_47.14;
T_47.13 ;
    %load/vec4 v0x558f3047eba0_0;
    %cmpi/e 1, 0, 1;
    %jmp/0xz  T_47.15, 4;
    %pushi/vec4 1, 0, 1;
    %store/vec4 v0x558f3047e730_0, 0, 1;
    %jmp T_47.16;
T_47.15 ;
    %load/vec4 v0x558f3047ecd0_0;
    %cmpi/e 1, 0, 1;
    %jmp/0xz  T_47.17, 4;
    %pushi/vec4 1, 0, 1;
    %store/vec4 v0x558f3047e800_0, 0, 1;
    %jmp T_47.18;
T_47.17 ;
    %load/vec4 v0x558f3047ea60_0;
    %cmpi/e 1, 0, 1;
    %jmp/0xz  T_47.19, 4;
    %pushi/vec4 1, 0, 1;
    %store/vec4 v0x558f3047e5d0_0, 0, 1;
T_47.19 ;
T_47.18 ;
T_47.16 ;
T_47.14 ;
    %jmp T_47.4;
T_47.2 ;
    %load/vec4 v0x558f3047eba0_0;
    %cmpi/e 1, 0, 1;
    %jmp/0xz  T_47.21, 4;
    %pushi/vec4 1, 0, 1;
    %store/vec4 v0x558f3047e730_0, 0, 1;
    %jmp T_47.22;
T_47.21 ;
    %load/vec4 v0x558f3047ecd0_0;
    %cmpi/e 1, 0, 1;
    %jmp/0xz  T_47.23, 4;
    %pushi/vec4 1, 0, 1;
    %store/vec4 v0x558f3047e800_0, 0, 1;
    %jmp T_47.24;
T_47.23 ;
    %load/vec4 v0x558f3047ea60_0;
    %cmpi/e 1, 0, 1;
    %jmp/0xz  T_47.25, 4;
    %pushi/vec4 1, 0, 1;
    %store/vec4 v0x558f3047e5d0_0, 0, 1;
    %jmp T_47.26;
T_47.25 ;
    %load/vec4 v0x558f3047eb00_0;
    %cmpi/e 1, 0, 1;
    %jmp/0xz  T_47.27, 4;
    %pushi/vec4 1, 0, 1;
    %store/vec4 v0x558f3047e690_0, 0, 1;
T_47.27 ;
T_47.26 ;
T_47.24 ;
T_47.22 ;
    %jmp T_47.4;
T_47.3 ;
    %load/vec4 v0x558f3047ecd0_0;
    %cmpi/e 1, 0, 1;
    %jmp/0xz  T_47.29, 4;
    %pushi/vec4 1, 0, 1;
    %store/vec4 v0x558f3047e800_0, 0, 1;
    %jmp T_47.30;
T_47.29 ;
    %load/vec4 v0x558f3047ea60_0;
    %cmpi/e 1, 0, 1;
    %jmp/0xz  T_47.31, 4;
    %pushi/vec4 1, 0, 1;
    %store/vec4 v0x558f3047e5d0_0, 0, 1;
    %jmp T_47.32;
T_47.31 ;
    %load/vec4 v0x558f3047eb00_0;
    %cmpi/e 1, 0, 1;
    %jmp/0xz  T_47.33, 4;
    %pushi/vec4 1, 0, 1;
    %store/vec4 v0x558f3047e690_0, 0, 1;
    %jmp T_47.34;
T_47.33 ;
    %load/vec4 v0x558f3047eba0_0;
    %cmpi/e 1, 0, 1;
    %jmp/0xz  T_47.35, 4;
    %pushi/vec4 1, 0, 1;
    %store/vec4 v0x558f3047e730_0, 0, 1;
T_47.35 ;
T_47.34 ;
T_47.32 ;
T_47.30 ;
    %jmp T_47.4;
T_47.4 ;
    %pop/vec4 1;
    %jmp T_47;
    .thread T_47;
    .scope S_0x558f3047f620;
T_48 ;
Ewait_12 .event/or E_0x558f30393590, E_0x0;
    %wait Ewait_12;
    %load/vec4 v0x558f3047f8c0_0;
    %dup/vec4;
    %pushi/vec4 1, 0, 4;
    %cmp/u;
    %jmp/1 T_48.0, 6;
    %dup/vec4;
    %pushi/vec4 2, 0, 4;
    %cmp/u;
    %jmp/1 T_48.1, 6;
    %dup/vec4;
    %pushi/vec4 4, 0, 4;
    %cmp/u;
    %jmp/1 T_48.2, 6;
    %dup/vec4;
    %pushi/vec4 8, 0, 4;
    %cmp/u;
    %jmp/1 T_48.3, 6;
    %pushi/vec4 0, 0, 10;
    %store/vec4 v0x558f3047fd70_0, 0, 10;
    %jmp T_48.5;
T_48.0 ;
    %load/vec4 v0x558f3047f9c0_0;
    %store/vec4 v0x558f3047fd70_0, 0, 10;
    %jmp T_48.5;
T_48.1 ;
    %load/vec4 v0x558f3047faa0_0;
    %store/vec4 v0x558f3047fd70_0, 0, 10;
    %jmp T_48.5;
T_48.2 ;
    %load/vec4 v0x558f3047fb60_0;
    %store/vec4 v0x558f3047fd70_0, 0, 10;
    %jmp T_48.5;
T_48.3 ;
    %load/vec4 v0x558f3047fc40_0;
    %store/vec4 v0x558f3047fd70_0, 0, 10;
    %jmp T_48.5;
T_48.5 ;
    %pop/vec4 1;
    %jmp T_48;
    .thread T_48, $push;
    .scope S_0x558f3047ff10;
T_49 ;
Ewait_13 .event/or E_0x558f304653e0, E_0x0;
    %wait Ewait_13;
    %load/vec4 v0x558f304801e0_0;
    %dup/vec4;
    %pushi/vec4 1, 0, 4;
    %cmp/u;
    %jmp/1 T_49.0, 6;
    %dup/vec4;
    %pushi/vec4 2, 0, 4;
    %cmp/u;
    %jmp/1 T_49.1, 6;
    %dup/vec4;
    %pushi/vec4 4, 0, 4;
    %cmp/u;
    %jmp/1 T_49.2, 6;
    %dup/vec4;
    %pushi/vec4 8, 0, 4;
    %cmp/u;
    %jmp/1 T_49.3, 6;
    %pushi/vec4 0, 0, 10;
    %store/vec4 v0x558f30480660_0, 0, 10;
    %jmp T_49.5;
T_49.0 ;
    %load/vec4 v0x558f304802e0_0;
    %store/vec4 v0x558f30480660_0, 0, 10;
    %jmp T_49.5;
T_49.1 ;
    %load/vec4 v0x558f304803a0_0;
    %store/vec4 v0x558f30480660_0, 0, 10;
    %jmp T_49.5;
T_49.2 ;
    %load/vec4 v0x558f304804a0_0;
    %store/vec4 v0x558f30480660_0, 0, 10;
    %jmp T_49.5;
T_49.3 ;
    %load/vec4 v0x558f30480570_0;
    %store/vec4 v0x558f30480660_0, 0, 10;
    %jmp T_49.5;
T_49.5 ;
    %pop/vec4 1;
    %jmp T_49;
    .thread T_49, $push;
    .scope S_0x558f30480800;
T_50 ;
Ewait_14 .event/or E_0x558f30480ab0, E_0x0;
    %wait Ewait_14;
    %load/vec4 v0x558f30480b20_0;
    %dup/vec4;
    %pushi/vec4 1, 0, 4;
    %cmp/u;
    %jmp/1 T_50.0, 6;
    %dup/vec4;
    %pushi/vec4 2, 0, 4;
    %cmp/u;
    %jmp/1 T_50.1, 6;
    %dup/vec4;
    %pushi/vec4 4, 0, 4;
    %cmp/u;
    %jmp/1 T_50.2, 6;
    %dup/vec4;
    %pushi/vec4 8, 0, 4;
    %cmp/u;
    %jmp/1 T_50.3, 6;
    %pushi/vec4 0, 0, 10;
    %store/vec4 v0x558f30481090_0, 0, 10;
    %jmp T_50.5;
T_50.0 ;
    %load/vec4 v0x558f30480c20_0;
    %store/vec4 v0x558f30481090_0, 0, 10;
    %jmp T_50.5;
T_50.1 ;
    %load/vec4 v0x558f30480d30_0;
    %store/vec4 v0x558f30481090_0, 0, 10;
    %jmp T_50.5;
T_50.2 ;
    %load/vec4 v0x558f30480e20_0;
    %store/vec4 v0x558f30481090_0, 0, 10;
    %jmp T_50.5;
T_50.3 ;
    %load/vec4 v0x558f30480f30_0;
    %store/vec4 v0x558f30481090_0, 0, 10;
    %jmp T_50.5;
T_50.5 ;
    %pop/vec4 1;
    %jmp T_50;
    .thread T_50, $push;
    .scope S_0x558f30481270;
T_51 ;
Ewait_15 .event/or E_0x558f304814f0, E_0x0;
    %wait Ewait_15;
    %load/vec4 v0x558f30481580_0;
    %dup/vec4;
    %pushi/vec4 1, 0, 4;
    %cmp/u;
    %jmp/1 T_51.0, 6;
    %dup/vec4;
    %pushi/vec4 2, 0, 4;
    %cmp/u;
    %jmp/1 T_51.1, 6;
    %dup/vec4;
    %pushi/vec4 4, 0, 4;
    %cmp/u;
    %jmp/1 T_51.2, 6;
    %dup/vec4;
    %pushi/vec4 8, 0, 4;
    %cmp/u;
    %jmp/1 T_51.3, 6;
    %pushi/vec4 0, 0, 10;
    %store/vec4 v0x558f304819b0_0, 0, 10;
    %jmp T_51.5;
T_51.0 ;
    %load/vec4 v0x558f30481680_0;
    %store/vec4 v0x558f304819b0_0, 0, 10;
    %jmp T_51.5;
T_51.1 ;
    %load/vec4 v0x558f30481740_0;
    %store/vec4 v0x558f304819b0_0, 0, 10;
    %jmp T_51.5;
T_51.2 ;
    %load/vec4 v0x558f304817e0_0;
    %store/vec4 v0x558f304819b0_0, 0, 10;
    %jmp T_51.5;
T_51.3 ;
    %load/vec4 v0x558f304818a0_0;
    %store/vec4 v0x558f304819b0_0, 0, 10;
    %jmp T_51.5;
T_51.5 ;
    %pop/vec4 1;
    %jmp T_51;
    .thread T_51, $push;
    .scope S_0x558f30427740;
T_52 ;
    %delay 5, 0;
    %load/vec4 v0x558f30493850_0;
    %inv;
    %store/vec4 v0x558f30493850_0, 0, 1;
    %jmp T_52;
    .thread T_52;
    .scope S_0x558f30427740;
T_53 ;
    %vpi_call/w 3 9 "$dumpfile", "sw.vcd" {0 0 0};
    %vpi_call/w 3 10 "$dumpvars", 32'sb00000000000000000000000000000000, S_0x558f30427740 {0 0 0};
    %pushi/vec4 0, 0, 1;
    %store/vec4 v0x558f30493850_0, 0, 1;
    %pushi/vec4 0, 0, 10;
    %store/vec4 v0x558f30493910_0, 0, 10;
    %pushi/vec4 0, 0, 10;
    %store/vec4 v0x558f304939d0_0, 0, 10;
    %pushi/vec4 0, 0, 10;
    %store/vec4 v0x558f30493a70_0, 0, 10;
    %pushi/vec4 0, 0, 10;
    %store/vec4 v0x558f30493b30_0, 0, 10;
    %pushi/vec4 1, 0, 1;
    %store/vec4 v0x558f30493ef0_0, 0, 1;
    %delay 10, 0;
    %pushi/vec4 0, 0, 1;
    %store/vec4 v0x558f30493ef0_0, 0, 1;
    %delay 10, 0;
    %pushi/vec4 512, 0, 10;
    %store/vec4 v0x558f30493910_0, 0, 10;
    %delay 10, 0;
    %pushi/vec4 256, 0, 10;
    %store/vec4 v0x558f30493910_0, 0, 10;
    %delay 10, 0;
    %pushi/vec4 257, 0, 10;
    %store/vec4 v0x558f30493910_0, 0, 10;
    %delay 10, 0;
    %pushi/vec4 770, 0, 10;
    %store/vec4 v0x558f30493910_0, 0, 10;
    %delay 10, 0;
    %pushi/vec4 0, 0, 10;
    %store/vec4 v0x558f30493910_0, 0, 10;
    %delay 10, 0;
    %pushi/vec4 657, 0, 10;
    %store/vec4 v0x558f30493910_0, 0, 10;
    %delay 10, 0;
    %pushi/vec4 400, 0, 10;
    %store/vec4 v0x558f30493910_0, 0, 10;
    %delay 10, 0;
    %pushi/vec4 401, 0, 10;
    %store/vec4 v0x558f30493910_0, 0, 10;
    %delay 10, 0;
    %pushi/vec4 914, 0, 10;
    %store/vec4 v0x558f30493910_0, 0, 10;
    %delay 10, 0;
    %pushi/vec4 0, 0, 10;
    %store/vec4 v0x558f30493910_0, 0, 10;
    %delay 10, 0;
    %pushi/vec4 512, 0, 10;
    %store/vec4 v0x558f30493910_0, 0, 10;
    %delay 10, 0;
    %pushi/vec4 783, 0, 10;
    %store/vec4 v0x558f30493910_0, 0, 10;
    %delay 10, 0;
    %pushi/vec4 513, 0, 10;
    %store/vec4 v0x558f30493910_0, 0, 10;
    %delay 10, 0;
    %pushi/vec4 783, 0, 10;
    %store/vec4 v0x558f30493910_0, 0, 10;
    %delay 10, 0;
    %pushi/vec4 514, 0, 10;
    %store/vec4 v0x558f30493910_0, 0, 10;
    %delay 10, 0;
    %pushi/vec4 783, 0, 10;
    %store/vec4 v0x558f30493910_0, 0, 10;
    %delay 10, 0;
    %pushi/vec4 515, 0, 10;
    %store/vec4 v0x558f30493910_0, 0, 10;
    %delay 10, 0;
    %pushi/vec4 783, 0, 10;
    %store/vec4 v0x558f30493910_0, 0, 10;
    %delay 10, 0;
    %pushi/vec4 0, 0, 10;
    %store/vec4 v0x558f30493910_0, 0, 10;
    %delay 10, 0;
    %pushi/vec4 528, 0, 10;
    %store/vec4 v0x558f304939d0_0, 0, 10;
    %delay 10, 0;
    %pushi/vec4 799, 0, 10;
    %store/vec4 v0x558f304939d0_0, 0, 10;
    %delay 10, 0;
    %pushi/vec4 529, 0, 10;
    %store/vec4 v0x558f304939d0_0, 0, 10;
    %delay 10, 0;
    %pushi/vec4 799, 0, 10;
    %store/vec4 v0x558f304939d0_0, 0, 10;
    %delay 10, 0;
    %pushi/vec4 530, 0, 10;
    %store/vec4 v0x558f304939d0_0, 0, 10;
    %delay 10, 0;
    %pushi/vec4 799, 0, 10;
    %store/vec4 v0x558f304939d0_0, 0, 10;
    %delay 10, 0;
    %pushi/vec4 531, 0, 10;
    %store/vec4 v0x558f304939d0_0, 0, 10;
    %delay 10, 0;
    %pushi/vec4 799, 0, 10;
    %store/vec4 v0x558f304939d0_0, 0, 10;
    %delay 10, 0;
    %pushi/vec4 0, 0, 10;
    %store/vec4 v0x558f304939d0_0, 0, 10;
    %delay 10, 0;
    %pushi/vec4 544, 0, 10;
    %store/vec4 v0x558f30493a70_0, 0, 10;
    %delay 10, 0;
    %pushi/vec4 815, 0, 10;
    %store/vec4 v0x558f30493a70_0, 0, 10;
    %delay 10, 0;
    %pushi/vec4 545, 0, 10;
    %store/vec4 v0x558f30493a70_0, 0, 10;
    %delay 10, 0;
    %pushi/vec4 815, 0, 10;
    %store/vec4 v0x558f30493a70_0, 0, 10;
    %delay 10, 0;
    %pushi/vec4 546, 0, 10;
    %store/vec4 v0x558f30493a70_0, 0, 10;
    %delay 10, 0;
    %pushi/vec4 815, 0, 10;
    %store/vec4 v0x558f30493a70_0, 0, 10;
    %delay 10, 0;
    %pushi/vec4 547, 0, 10;
    %store/vec4 v0x558f30493a70_0, 0, 10;
    %delay 10, 0;
    %pushi/vec4 815, 0, 10;
    %store/vec4 v0x558f30493a70_0, 0, 10;
    %delay 10, 0;
    %pushi/vec4 0, 0, 10;
    %store/vec4 v0x558f30493a70_0, 0, 10;
    %delay 10, 0;
    %pushi/vec4 560, 0, 10;
    %store/vec4 v0x558f30493b30_0, 0, 10;
    %delay 10, 0;
    %pushi/vec4 831, 0, 10;
    %store/vec4 v0x558f30493b30_0, 0, 10;
    %delay 10, 0;
    %pushi/vec4 561, 0, 10;
    %store/vec4 v0x558f30493b30_0, 0, 10;
    %delay 10, 0;
    %pushi/vec4 831, 0, 10;
    %store/vec4 v0x558f30493b30_0, 0, 10;
    %delay 10, 0;
    %pushi/vec4 562, 0, 10;
    %store/vec4 v0x558f30493b30_0, 0, 10;
    %delay 10, 0;
    %pushi/vec4 831, 0, 10;
    %store/vec4 v0x558f30493b30_0, 0, 10;
    %delay 10, 0;
    %pushi/vec4 563, 0, 10;
    %store/vec4 v0x558f30493b30_0, 0, 10;
    %delay 10, 0;
    %pushi/vec4 831, 0, 10;
    %store/vec4 v0x558f30493b30_0, 0, 10;
    %delay 10, 0;
    %pushi/vec4 0, 0, 10;
    %store/vec4 v0x558f30493b30_0, 0, 10;
    %delay 100, 0;
    %pushi/vec4 513, 0, 10;
    %store/vec4 v0x558f30493910_0, 0, 10;
    %pushi/vec4 529, 0, 10;
    %store/vec4 v0x558f304939d0_0, 0, 10;
    %pushi/vec4 545, 0, 10;
    %store/vec4 v0x558f30493a70_0, 0, 10;
    %pushi/vec4 561, 0, 10;
    %store/vec4 v0x558f30493b30_0, 0, 10;
    %delay 10, 0;
    %pushi/vec4 256, 0, 10;
    %store/vec4 v0x558f30493910_0, 0, 10;
    %pushi/vec4 272, 0, 10;
    %store/vec4 v0x558f304939d0_0, 0, 10;
    %pushi/vec4 288, 0, 10;
    %store/vec4 v0x558f30493a70_0, 0, 10;
    %pushi/vec4 304, 0, 10;
    %store/vec4 v0x558f30493b30_0, 0, 10;
    %delay 10, 0;
    %pushi/vec4 257, 0, 10;
    %store/vec4 v0x558f30493910_0, 0, 10;
    %pushi/vec4 273, 0, 10;
    %store/vec4 v0x558f304939d0_0, 0, 10;
    %pushi/vec4 289, 0, 10;
    %store/vec4 v0x558f30493a70_0, 0, 10;
    %pushi/vec4 305, 0, 10;
    %store/vec4 v0x558f30493b30_0, 0, 10;
    %delay 10, 0;
    %pushi/vec4 783, 0, 10;
    %store/vec4 v0x558f30493910_0, 0, 10;
    %pushi/vec4 799, 0, 10;
    %store/vec4 v0x558f304939d0_0, 0, 10;
    %pushi/vec4 815, 0, 10;
    %store/vec4 v0x558f30493a70_0, 0, 10;
    %pushi/vec4 831, 0, 10;
    %store/vec4 v0x558f30493b30_0, 0, 10;
    %delay 10, 0;
    %pushi/vec4 0, 0, 10;
    %store/vec4 v0x558f30493910_0, 0, 10;
    %pushi/vec4 0, 0, 10;
    %store/vec4 v0x558f304939d0_0, 0, 10;
    %pushi/vec4 0, 0, 10;
    %store/vec4 v0x558f30493a70_0, 0, 10;
    %pushi/vec4 0, 0, 10;
    %store/vec4 v0x558f30493b30_0, 0, 10;
    %delay 200, 0;
    %pushi/vec4 512, 0, 10;
    %store/vec4 v0x558f30493910_0, 0, 10;
    %pushi/vec4 528, 0, 10;
    %store/vec4 v0x558f304939d0_0, 0, 10;
    %pushi/vec4 544, 0, 10;
    %store/vec4 v0x558f30493a70_0, 0, 10;
    %pushi/vec4 560, 0, 10;
    %store/vec4 v0x558f30493b30_0, 0, 10;
    %delay 10, 0;
    %pushi/vec4 783, 0, 10;
    %store/vec4 v0x558f30493910_0, 0, 10;
    %pushi/vec4 799, 0, 10;
    %store/vec4 v0x558f304939d0_0, 0, 10;
    %pushi/vec4 815, 0, 10;
    %store/vec4 v0x558f30493a70_0, 0, 10;
    %pushi/vec4 831, 0, 10;
    %store/vec4 v0x558f30493b30_0, 0, 10;
    %delay 10, 0;
    %pushi/vec4 0, 0, 10;
    %store/vec4 v0x558f30493910_0, 0, 10;
    %pushi/vec4 0, 0, 10;
    %store/vec4 v0x558f304939d0_0, 0, 10;
    %pushi/vec4 0, 0, 10;
    %store/vec4 v0x558f30493a70_0, 0, 10;
    %pushi/vec4 0, 0, 10;
    %store/vec4 v0x558f30493b30_0, 0, 10;
    %delay 200, 0;
    %pushi/vec4 513, 0, 10;
    %store/vec4 v0x558f30493910_0, 0, 10;
    %pushi/vec4 529, 0, 10;
    %store/vec4 v0x558f304939d0_0, 0, 10;
    %pushi/vec4 545, 0, 10;
    %store/vec4 v0x558f30493a70_0, 0, 10;
    %pushi/vec4 561, 0, 10;
    %store/vec4 v0x558f30493b30_0, 0, 10;
    %delay 10, 0;
    %pushi/vec4 783, 0, 10;
    %store/vec4 v0x558f30493910_0, 0, 10;
    %pushi/vec4 799, 0, 10;
    %store/vec4 v0x558f304939d0_0, 0, 10;
    %pushi/vec4 815, 0, 10;
    %store/vec4 v0x558f30493a70_0, 0, 10;
    %pushi/vec4 831, 0, 10;
    %store/vec4 v0x558f30493b30_0, 0, 10;
    %delay 10, 0;
    %pushi/vec4 0, 0, 10;
    %store/vec4 v0x558f30493910_0, 0, 10;
    %pushi/vec4 0, 0, 10;
    %store/vec4 v0x558f304939d0_0, 0, 10;
    %pushi/vec4 0, 0, 10;
    %store/vec4 v0x558f30493a70_0, 0, 10;
    %pushi/vec4 0, 0, 10;
    %store/vec4 v0x558f30493b30_0, 0, 10;
    %delay 200, 0;
    %pushi/vec4 514, 0, 10;
    %store/vec4 v0x558f30493910_0, 0, 10;
    %pushi/vec4 530, 0, 10;
    %store/vec4 v0x558f304939d0_0, 0, 10;
    %pushi/vec4 546, 0, 10;
    %store/vec4 v0x558f30493a70_0, 0, 10;
    %pushi/vec4 562, 0, 10;
    %store/vec4 v0x558f30493b30_0, 0, 10;
    %delay 10, 0;
    %pushi/vec4 783, 0, 10;
    %store/vec4 v0x558f30493910_0, 0, 10;
    %pushi/vec4 799, 0, 10;
    %store/vec4 v0x558f304939d0_0, 0, 10;
    %pushi/vec4 815, 0, 10;
    %store/vec4 v0x558f30493a70_0, 0, 10;
    %pushi/vec4 831, 0, 10;
    %store/vec4 v0x558f30493b30_0, 0, 10;
    %delay 10, 0;
    %pushi/vec4 0, 0, 10;
    %store/vec4 v0x558f30493910_0, 0, 10;
    %pushi/vec4 0, 0, 10;
    %store/vec4 v0x558f304939d0_0, 0, 10;
    %pushi/vec4 0, 0, 10;
    %store/vec4 v0x558f30493a70_0, 0, 10;
    %pushi/vec4 0, 0, 10;
    %store/vec4 v0x558f30493b30_0, 0, 10;
    %delay 200, 0;
    %pushi/vec4 515, 0, 10;
    %store/vec4 v0x558f30493910_0, 0, 10;
    %pushi/vec4 531, 0, 10;
    %store/vec4 v0x558f304939d0_0, 0, 10;
    %pushi/vec4 547, 0, 10;
    %store/vec4 v0x558f30493a70_0, 0, 10;
    %pushi/vec4 563, 0, 10;
    %store/vec4 v0x558f30493b30_0, 0, 10;
    %delay 10, 0;
    %pushi/vec4 783, 0, 10;
    %store/vec4 v0x558f30493910_0, 0, 10;
    %pushi/vec4 799, 0, 10;
    %store/vec4 v0x558f304939d0_0, 0, 10;
    %pushi/vec4 815, 0, 10;
    %store/vec4 v0x558f30493a70_0, 0, 10;
    %pushi/vec4 831, 0, 10;
    %store/vec4 v0x558f30493b30_0, 0, 10;
    %delay 10, 0;
    %pushi/vec4 0, 0, 10;
    %store/vec4 v0x558f30493910_0, 0, 10;
    %pushi/vec4 0, 0, 10;
    %store/vec4 v0x558f304939d0_0, 0, 10;
    %pushi/vec4 0, 0, 10;
    %store/vec4 v0x558f30493a70_0, 0, 10;
    %pushi/vec4 0, 0, 10;
    %store/vec4 v0x558f30493b30_0, 0, 10;
    %delay 500, 0;
    %vpi_call/w 3 197 "$finish" {0 0 0};
    %end;
    .thread T_53;
# The file index is used to find the file name in the following table.
:file_names 14;
    "N/A";
    "<interactive>";
    "-";
    "test.sv";
    "sw.sv";
    "ackor.sv";
    "arb.sv";
    "cb.sv";
    "cbsel.sv";
    "ib.sv";
    "fifo.sv";
    "ibsm.sv";
    "mkreq.sv";
    "mkwe.sv";
